{"/workspace/src/code.ts": {"path":"/workspace/src/code.ts","all":true,"statementMap":{"8":{"start":{"line":9,"column":0},"end":{"line":9,"column":19}},"9":{"start":{"line":10,"column":0},"end":{"line":10,"column":20}},"10":{"start":{"line":11,"column":0},"end":{"line":11,"column":21}},"11":{"start":{"line":12,"column":0},"end":{"line":12,"column":27}},"12":{"start":{"line":13,"column":0},"end":{"line":13,"column":28}},"13":{"start":{"line":14,"column":0},"end":{"line":14,"column":19}},"14":{"start":{"line":15,"column":0},"end":{"line":15,"column":18}},"15":{"start":{"line":16,"column":0},"end":{"line":16,"column":19}},"16":{"start":{"line":17,"column":0},"end":{"line":17,"column":23}},"17":{"start":{"line":18,"column":0},"end":{"line":18,"column":11}},"19":{"start":{"line":20,"column":0},"end":{"line":20,"column":39}},"20":{"start":{"line":21,"column":0},"end":{"line":21,"column":33}},"21":{"start":{"line":22,"column":0},"end":{"line":22,"column":34}},"22":{"start":{"line":23,"column":0},"end":{"line":23,"column":3}},"24":{"start":{"line":25,"column":0},"end":{"line":25,"column":52}},"25":{"start":{"line":26,"column":0},"end":{"line":26,"column":36}},"26":{"start":{"line":27,"column":0},"end":{"line":27,"column":36}},"28":{"start":{"line":29,"column":0},"end":{"line":29,"column":9}},"29":{"start":{"line":30,"column":0},"end":{"line":30,"column":40}},"30":{"start":{"line":31,"column":0},"end":{"line":31,"column":36}},"31":{"start":{"line":32,"column":0},"end":{"line":32,"column":18}},"32":{"start":{"line":33,"column":0},"end":{"line":33,"column":18}},"33":{"start":{"line":34,"column":0},"end":{"line":34,"column":82}},"35":{"start":{"line":36,"column":0},"end":{"line":36,"column":38}},"36":{"start":{"line":37,"column":0},"end":{"line":37,"column":38}},"37":{"start":{"line":38,"column":0},"end":{"line":38,"column":38}},"38":{"start":{"line":39,"column":0},"end":{"line":39,"column":63}},"40":{"start":{"line":41,"column":0},"end":{"line":41,"column":71}},"41":{"start":{"line":42,"column":0},"end":{"line":42,"column":51}},"42":{"start":{"line":43,"column":0},"end":{"line":43,"column":50}},"43":{"start":{"line":44,"column":0},"end":{"line":44,"column":68}},"45":{"start":{"line":46,"column":0},"end":{"line":46,"column":30}},"47":{"start":{"line":48,"column":0},"end":{"line":48,"column":43}},"48":{"start":{"line":49,"column":0},"end":{"line":49,"column":44}},"49":{"start":{"line":50,"column":0},"end":{"line":50,"column":52}},"51":{"start":{"line":52,"column":0},"end":{"line":52,"column":28}},"52":{"start":{"line":53,"column":0},"end":{"line":53,"column":36}},"53":{"start":{"line":54,"column":0},"end":{"line":54,"column":40}},"54":{"start":{"line":55,"column":0},"end":{"line":55,"column":9}},"55":{"start":{"line":56,"column":0},"end":{"line":56,"column":21}},"56":{"start":{"line":57,"column":0},"end":{"line":57,"column":28}},"57":{"start":{"line":58,"column":0},"end":{"line":58,"column":33}},"58":{"start":{"line":59,"column":0},"end":{"line":59,"column":39}},"59":{"start":{"line":60,"column":0},"end":{"line":60,"column":9}},"60":{"start":{"line":61,"column":0},"end":{"line":61,"column":5}},"61":{"start":{"line":62,"column":0},"end":{"line":62,"column":3}},"63":{"start":{"line":64,"column":0},"end":{"line":64,"column":30}},"64":{"start":{"line":65,"column":0},"end":{"line":65,"column":24}},"65":{"start":{"line":66,"column":0},"end":{"line":66,"column":3}},"66":{"start":{"line":67,"column":0},"end":{"line":67,"column":2}}},"s":{"8":0,"9":0,"10":0,"11":0,"12":0,"13":0,"14":0,"15":0,"16":0,"17":0,"19":0,"20":0,"21":0,"22":0,"24":0,"25":0,"26":0,"28":0,"29":0,"30":0,"31":0,"32":0,"33":0,"35":0,"36":0,"37":0,"38":0,"40":0,"41":0,"42":0,"43":0,"45":0,"47":0,"48":0,"49":0,"51":0,"52":0,"53":0,"54":0,"55":0,"56":0,"57":0,"58":0,"59":0,"60":0,"61":0,"63":0,"64":0,"65":0,"66":0},"branchMap":{"0":{"type":"branch","line":1,"loc":{"start":{"line":1,"column":1752},"end":{"line":67,"column":2}},"locations":[{"start":{"line":1,"column":1752},"end":{"line":67,"column":2}}]}},"b":{"0":[1]},"fnMap":{"0":{"name":"(empty-report)","decl":{"start":{"line":1,"column":1752},"end":{"line":67,"column":2}},"loc":{"start":{"line":1,"column":1752},"end":{"line":67,"column":2}},"line":1}},"f":{"0":1}}
,"/workspace/src/converter/index.ts": {"path":"/workspace/src/converter/index.ts","all":false,"statementMap":{"0":{"start":{"line":1,"column":0},"end":{"line":1,"column":47}},"6":{"start":{"line":7,"column":0},"end":{"line":7,"column":41}},"7":{"start":{"line":8,"column":0},"end":{"line":8,"column":15}},"8":{"start":{"line":9,"column":0},"end":{"line":9,"column":37}},"9":{"start":{"line":10,"column":0},"end":{"line":10,"column":29}},"11":{"start":{"line":12,"column":0},"end":{"line":12,"column":60}},"14":{"start":{"line":15,"column":0},"end":{"line":15,"column":27}},"15":{"start":{"line":16,"column":0},"end":{"line":16,"column":12}},"16":{"start":{"line":17,"column":0},"end":{"line":17,"column":20}},"17":{"start":{"line":18,"column":0},"end":{"line":18,"column":19}},"18":{"start":{"line":19,"column":0},"end":{"line":19,"column":46}},"19":{"start":{"line":20,"column":0},"end":{"line":20,"column":47}},"20":{"start":{"line":21,"column":0},"end":{"line":21,"column":6}},"21":{"start":{"line":22,"column":0},"end":{"line":22,"column":3}},"24":{"start":{"line":25,"column":0},"end":{"line":25,"column":37}},"25":{"start":{"line":26,"column":0},"end":{"line":26,"column":47}},"28":{"start":{"line":29,"column":0},"end":{"line":29,"column":68}},"31":{"start":{"line":32,"column":0},"end":{"line":32,"column":61}},"32":{"start":{"line":33,"column":0},"end":{"line":33,"column":55}},"33":{"start":{"line":34,"column":0},"end":{"line":34,"column":3}},"34":{"start":{"line":35,"column":0},"end":{"line":35,"column":63}},"35":{"start":{"line":36,"column":0},"end":{"line":36,"column":57}},"36":{"start":{"line":37,"column":0},"end":{"line":37,"column":3}},"38":{"start":{"line":39,"column":0},"end":{"line":39,"column":19}},"39":{"start":{"line":40,"column":0},"end":{"line":40,"column":1}}},"s":{"0":1,"6":3,"7":3,"8":3,"9":3,"11":3,"14":3,"15":1,"16":1,"17":1,"18":1,"19":1,"20":1,"21":1,"24":2,"25":2,"28":2,"31":3,"32":2,"33":2,"34":3,"35":2,"36":2,"38":2,"39":2},"branchMap":{"0":{"type":"branch","line":7,"loc":{"start":{"line":7,"column":0},"end":{"line":40,"column":1}},"locations":[{"start":{"line":7,"column":0},"end":{"line":40,"column":1}}]},"1":{"type":"branch","line":15,"loc":{"start":{"line":15,"column":26},"end":{"line":22,"column":3}},"locations":[{"start":{"line":15,"column":26},"end":{"line":22,"column":3}}]},"2":{"type":"branch","line":22,"loc":{"start":{"line":22,"column":2},"end":{"line":32,"column":60}},"locations":[{"start":{"line":22,"column":2},"end":{"line":32,"column":60}}]},"3":{"type":"branch","line":32,"loc":{"start":{"line":32,"column":60},"end":{"line":35,"column":62}},"locations":[{"start":{"line":32,"column":60},"end":{"line":35,"column":62}}]},"4":{"type":"branch","line":35,"loc":{"start":{"line":35,"column":62},"end":{"line":40,"column":1}},"locations":[{"start":{"line":35,"column":62},"end":{"line":40,"column":1}}]}},"b":{"0":[3],"1":[1],"2":[2],"3":[2],"4":[2]},"fnMap":{"0":{"name":"convertHTMLToFigma","decl":{"start":{"line":7,"column":0},"end":{"line":40,"column":1}},"loc":{"start":{"line":7,"column":0},"end":{"line":40,"column":1}},"line":7}},"f":{"0":3}}
,"/workspace/src/converter/mapper.ts": {"path":"/workspace/src/converter/mapper.ts","all":false,"statementMap":{"0":{"start":{"line":1,"column":0},"end":{"line":1,"column":46}},"11":{"start":{"line":12,"column":0},"end":{"line":12,"column":23}},"12":{"start":{"line":13,"column":0},"end":{"line":13,"column":21}},"13":{"start":{"line":14,"column":0},"end":{"line":14,"column":31}},"14":{"start":{"line":15,"column":0},"end":{"line":15,"column":32}},"15":{"start":{"line":16,"column":0},"end":{"line":16,"column":23}},"16":{"start":{"line":17,"column":0},"end":{"line":17,"column":21}},"17":{"start":{"line":18,"column":0},"end":{"line":18,"column":11}},"19":{"start":{"line":20,"column":0},"end":{"line":20,"column":35}},"20":{"start":{"line":21,"column":0},"end":{"line":21,"column":21}},"21":{"start":{"line":22,"column":0},"end":{"line":22,"column":37}},"22":{"start":{"line":23,"column":0},"end":{"line":23,"column":20}},"23":{"start":{"line":24,"column":0},"end":{"line":24,"column":60}},"24":{"start":{"line":25,"column":0},"end":{"line":25,"column":34}},"25":{"start":{"line":26,"column":0},"end":{"line":26,"column":74}},"26":{"start":{"line":27,"column":0},"end":{"line":27,"column":27}},"27":{"start":{"line":28,"column":0},"end":{"line":28,"column":20}},"28":{"start":{"line":29,"column":0},"end":{"line":29,"column":3}},"30":{"start":{"line":31,"column":0},"end":{"line":31,"column":37}},"31":{"start":{"line":32,"column":0},"end":{"line":32,"column":44}},"32":{"start":{"line":33,"column":0},"end":{"line":33,"column":3}},"34":{"start":{"line":35,"column":0},"end":{"line":35,"column":48}},"36":{"start":{"line":37,"column":0},"end":{"line":37,"column":25}},"37":{"start":{"line":38,"column":0},"end":{"line":38,"column":8}},"38":{"start":{"line":39,"column":0},"end":{"line":39,"column":9}},"39":{"start":{"line":40,"column":0},"end":{"line":40,"column":9}},"40":{"start":{"line":41,"column":0},"end":{"line":41,"column":9}},"41":{"start":{"line":42,"column":0},"end":{"line":42,"column":9}},"42":{"start":{"line":43,"column":0},"end":{"line":43,"column":9}},"43":{"start":{"line":44,"column":0},"end":{"line":44,"column":9}},"44":{"start":{"line":45,"column":0},"end":{"line":45,"column":11}},"45":{"start":{"line":46,"column":0},"end":{"line":46,"column":8}},"46":{"start":{"line":47,"column":0},"end":{"line":47,"column":13}},"47":{"start":{"line":48,"column":0},"end":{"line":48,"column":9}},"48":{"start":{"line":49,"column":0},"end":{"line":49,"column":8}},"49":{"start":{"line":50,"column":0},"end":{"line":50,"column":8}},"50":{"start":{"line":51,"column":0},"end":{"line":51,"column":8}},"51":{"start":{"line":52,"column":0},"end":{"line":52,"column":22}},"52":{"start":{"line":53,"column":0},"end":{"line":53,"column":61}},"54":{"start":{"line":55,"column":0},"end":{"line":55,"column":34}},"56":{"start":{"line":57,"column":0},"end":{"line":57,"column":42}},"57":{"start":{"line":58,"column":0},"end":{"line":58,"column":56}},"58":{"start":{"line":59,"column":0},"end":{"line":59,"column":22}},"59":{"start":{"line":60,"column":0},"end":{"line":60,"column":31}},"60":{"start":{"line":61,"column":0},"end":{"line":61,"column":12}},"61":{"start":{"line":62,"column":0},"end":{"line":62,"column":50}},"62":{"start":{"line":63,"column":0},"end":{"line":63,"column":5}},"63":{"start":{"line":64,"column":0},"end":{"line":64,"column":29}},"64":{"start":{"line":65,"column":0},"end":{"line":65,"column":58}},"65":{"start":{"line":66,"column":0},"end":{"line":66,"column":62}},"66":{"start":{"line":67,"column":0},"end":{"line":67,"column":30}},"68":{"start":{"line":69,"column":0},"end":{"line":69,"column":62}},"71":{"start":{"line":72,"column":0},"end":{"line":72,"column":5}},"72":{"start":{"line":73,"column":0},"end":{"line":73,"column":10}},"73":{"start":{"line":74,"column":0},"end":{"line":74,"column":48}},"75":{"start":{"line":76,"column":0},"end":{"line":76,"column":24}},"76":{"start":{"line":77,"column":0},"end":{"line":77,"column":43}},"77":{"start":{"line":78,"column":0},"end":{"line":78,"column":59}},"78":{"start":{"line":79,"column":0},"end":{"line":79,"column":76}},"79":{"start":{"line":80,"column":0},"end":{"line":80,"column":9}},"80":{"start":{"line":81,"column":0},"end":{"line":81,"column":5}},"81":{"start":{"line":82,"column":0},"end":{"line":82,"column":3}},"83":{"start":{"line":84,"column":0},"end":{"line":84,"column":35}},"84":{"start":{"line":85,"column":0},"end":{"line":85,"column":60}},"85":{"start":{"line":86,"column":0},"end":{"line":86,"column":53}},"87":{"start":{"line":88,"column":0},"end":{"line":88,"column":19}},"88":{"start":{"line":89,"column":0},"end":{"line":89,"column":44}},"90":{"start":{"line":91,"column":0},"end":{"line":91,"column":65}},"91":{"start":{"line":92,"column":0},"end":{"line":92,"column":56}},"92":{"start":{"line":93,"column":0},"end":{"line":93,"column":54}},"93":{"start":{"line":94,"column":0},"end":{"line":94,"column":76}},"94":{"start":{"line":95,"column":0},"end":{"line":95,"column":76}},"95":{"start":{"line":96,"column":0},"end":{"line":96,"column":56}},"96":{"start":{"line":97,"column":0},"end":{"line":97,"column":58}},"97":{"start":{"line":98,"column":0},"end":{"line":98,"column":54}},"98":{"start":{"line":99,"column":0},"end":{"line":99,"column":60}},"99":{"start":{"line":100,"column":0},"end":{"line":100,"column":56}},"101":{"start":{"line":102,"column":0},"end":{"line":102,"column":52}},"102":{"start":{"line":103,"column":0},"end":{"line":103,"column":65}},"103":{"start":{"line":104,"column":0},"end":{"line":104,"column":41}},"104":{"start":{"line":105,"column":0},"end":{"line":105,"column":9}},"105":{"start":{"line":106,"column":0},"end":{"line":106,"column":7}},"107":{"start":{"line":108,"column":0},"end":{"line":108,"column":71}},"108":{"start":{"line":109,"column":0},"end":{"line":109,"column":56}},"109":{"start":{"line":110,"column":0},"end":{"line":110,"column":60}},"110":{"start":{"line":111,"column":0},"end":{"line":111,"column":62}},"111":{"start":{"line":112,"column":0},"end":{"line":112,"column":58}},"113":{"start":{"line":114,"column":0},"end":{"line":114,"column":79}},"114":{"start":{"line":115,"column":0},"end":{"line":115,"column":85}},"115":{"start":{"line":116,"column":0},"end":{"line":116,"column":88}},"116":{"start":{"line":117,"column":0},"end":{"line":117,"column":82}},"118":{"start":{"line":119,"column":0},"end":{"line":119,"column":50}},"119":{"start":{"line":120,"column":0},"end":{"line":120,"column":132}},"120":{"start":{"line":121,"column":0},"end":{"line":121,"column":46}},"121":{"start":{"line":122,"column":0},"end":{"line":122,"column":52}},"122":{"start":{"line":123,"column":0},"end":{"line":123,"column":48}},"123":{"start":{"line":124,"column":0},"end":{"line":124,"column":50}},"124":{"start":{"line":125,"column":0},"end":{"line":125,"column":9}},"125":{"start":{"line":126,"column":0},"end":{"line":126,"column":7}},"127":{"start":{"line":128,"column":0},"end":{"line":128,"column":50}},"128":{"start":{"line":129,"column":0},"end":{"line":129,"column":46}},"129":{"start":{"line":130,"column":0},"end":{"line":130,"column":42}},"130":{"start":{"line":131,"column":0},"end":{"line":131,"column":46}},"131":{"start":{"line":132,"column":0},"end":{"line":132,"column":48}},"132":{"start":{"line":133,"column":0},"end":{"line":133,"column":44}},"134":{"start":{"line":135,"column":0},"end":{"line":135,"column":39}},"135":{"start":{"line":136,"column":0},"end":{"line":136,"column":30}},"136":{"start":{"line":137,"column":0},"end":{"line":137,"column":9}},"137":{"start":{"line":138,"column":0},"end":{"line":138,"column":38}},"138":{"start":{"line":139,"column":0},"end":{"line":139,"column":29}},"139":{"start":{"line":140,"column":0},"end":{"line":140,"column":9}},"141":{"start":{"line":142,"column":0},"end":{"line":142,"column":62}},"142":{"start":{"line":143,"column":0},"end":{"line":143,"column":70}},"143":{"start":{"line":144,"column":0},"end":{"line":144,"column":68}},"145":{"start":{"line":146,"column":0},"end":{"line":146,"column":42}},"146":{"start":{"line":147,"column":0},"end":{"line":147,"column":43}},"147":{"start":{"line":148,"column":0},"end":{"line":148,"column":47}},"148":{"start":{"line":149,"column":0},"end":{"line":149,"column":20}},"149":{"start":{"line":150,"column":0},"end":{"line":150,"column":43}},"150":{"start":{"line":151,"column":0},"end":{"line":151,"column":13}},"151":{"start":{"line":152,"column":0},"end":{"line":152,"column":11}},"153":{"start":{"line":154,"column":0},"end":{"line":154,"column":43}},"154":{"start":{"line":155,"column":0},"end":{"line":155,"column":42}},"155":{"start":{"line":156,"column":0},"end":{"line":156,"column":45}},"156":{"start":{"line":157,"column":0},"end":{"line":157,"column":20}},"157":{"start":{"line":158,"column":0},"end":{"line":158,"column":41}},"158":{"start":{"line":159,"column":0},"end":{"line":159,"column":13}},"159":{"start":{"line":160,"column":0},"end":{"line":160,"column":11}},"161":{"start":{"line":162,"column":0},"end":{"line":162,"column":37}},"162":{"start":{"line":163,"column":0},"end":{"line":163,"column":44}},"163":{"start":{"line":164,"column":0},"end":{"line":164,"column":47}},"164":{"start":{"line":165,"column":0},"end":{"line":165,"column":13}},"165":{"start":{"line":166,"column":0},"end":{"line":166,"column":11}},"167":{"start":{"line":168,"column":0},"end":{"line":168,"column":36}},"168":{"start":{"line":169,"column":0},"end":{"line":169,"column":45}},"169":{"start":{"line":170,"column":0},"end":{"line":170,"column":40}},"170":{"start":{"line":171,"column":0},"end":{"line":171,"column":12}},"171":{"start":{"line":172,"column":0},"end":{"line":172,"column":9}},"173":{"start":{"line":174,"column":0},"end":{"line":174,"column":38}},"174":{"start":{"line":175,"column":0},"end":{"line":175,"column":60}},"175":{"start":{"line":176,"column":0},"end":{"line":176,"column":58}},"176":{"start":{"line":177,"column":0},"end":{"line":177,"column":9}},"178":{"start":{"line":179,"column":0},"end":{"line":179,"column":48}},"179":{"start":{"line":180,"column":0},"end":{"line":180,"column":30}},"180":{"start":{"line":181,"column":0},"end":{"line":181,"column":37}},"181":{"start":{"line":182,"column":0},"end":{"line":182,"column":9}},"182":{"start":{"line":183,"column":0},"end":{"line":183,"column":7}},"184":{"start":{"line":185,"column":0},"end":{"line":185,"column":46}},"185":{"start":{"line":186,"column":0},"end":{"line":186,"column":19}},"187":{"start":{"line":188,"column":0},"end":{"line":188,"column":77}},"188":{"start":{"line":189,"column":0},"end":{"line":189,"column":7}},"190":{"start":{"line":191,"column":0},"end":{"line":191,"column":44}},"191":{"start":{"line":192,"column":0},"end":{"line":192,"column":38}},"192":{"start":{"line":193,"column":0},"end":{"line":193,"column":33}},"193":{"start":{"line":194,"column":0},"end":{"line":194,"column":76}},"194":{"start":{"line":195,"column":0},"end":{"line":195,"column":60}},"195":{"start":{"line":196,"column":0},"end":{"line":196,"column":53}},"196":{"start":{"line":197,"column":0},"end":{"line":197,"column":67}},"197":{"start":{"line":198,"column":0},"end":{"line":198,"column":53}},"198":{"start":{"line":199,"column":0},"end":{"line":199,"column":16}},"199":{"start":{"line":200,"column":0},"end":{"line":200,"column":54}},"200":{"start":{"line":201,"column":0},"end":{"line":201,"column":115}},"201":{"start":{"line":202,"column":0},"end":{"line":202,"column":9}},"202":{"start":{"line":203,"column":0},"end":{"line":203,"column":7}},"204":{"start":{"line":205,"column":0},"end":{"line":205,"column":46}},"205":{"start":{"line":206,"column":0},"end":{"line":206,"column":39}},"206":{"start":{"line":207,"column":0},"end":{"line":207,"column":35}},"207":{"start":{"line":208,"column":0},"end":{"line":208,"column":79}},"208":{"start":{"line":209,"column":0},"end":{"line":209,"column":61}},"209":{"start":{"line":210,"column":0},"end":{"line":210,"column":51}},"210":{"start":{"line":211,"column":0},"end":{"line":211,"column":68}},"211":{"start":{"line":212,"column":0},"end":{"line":212,"column":135}},"212":{"start":{"line":213,"column":0},"end":{"line":213,"column":16}},"213":{"start":{"line":214,"column":0},"end":{"line":214,"column":52}},"214":{"start":{"line":215,"column":0},"end":{"line":215,"column":118}},"215":{"start":{"line":216,"column":0},"end":{"line":216,"column":9}},"216":{"start":{"line":217,"column":0},"end":{"line":217,"column":63}},"217":{"start":{"line":218,"column":0},"end":{"line":218,"column":48}},"218":{"start":{"line":219,"column":0},"end":{"line":219,"column":7}},"220":{"start":{"line":221,"column":0},"end":{"line":221,"column":50}},"221":{"start":{"line":222,"column":0},"end":{"line":222,"column":60}},"223":{"start":{"line":224,"column":0},"end":{"line":224,"column":50}},"224":{"start":{"line":225,"column":0},"end":{"line":225,"column":60}},"226":{"start":{"line":227,"column":0},"end":{"line":227,"column":52}},"227":{"start":{"line":228,"column":0},"end":{"line":228,"column":63}},"229":{"start":{"line":230,"column":0},"end":{"line":230,"column":52}},"230":{"start":{"line":231,"column":0},"end":{"line":231,"column":63}},"232":{"start":{"line":233,"column":0},"end":{"line":233,"column":56}},"233":{"start":{"line":234,"column":0},"end":{"line":234,"column":33}},"234":{"start":{"line":235,"column":0},"end":{"line":235,"column":45}},"235":{"start":{"line":236,"column":0},"end":{"line":236,"column":53}},"236":{"start":{"line":237,"column":0},"end":{"line":237,"column":61}},"237":{"start":{"line":238,"column":0},"end":{"line":238,"column":9}},"238":{"start":{"line":239,"column":0},"end":{"line":239,"column":7}},"240":{"start":{"line":241,"column":0},"end":{"line":241,"column":50}},"241":{"start":{"line":242,"column":0},"end":{"line":242,"column":30}},"242":{"start":{"line":243,"column":0},"end":{"line":243,"column":41}},"243":{"start":{"line":244,"column":0},"end":{"line":244,"column":27}},"244":{"start":{"line":245,"column":0},"end":{"line":245,"column":53}},"245":{"start":{"line":246,"column":0},"end":{"line":246,"column":9}},"246":{"start":{"line":247,"column":0},"end":{"line":247,"column":7}},"248":{"start":{"line":249,"column":0},"end":{"line":249,"column":54}},"249":{"start":{"line":250,"column":0},"end":{"line":250,"column":29}},"250":{"start":{"line":251,"column":0},"end":{"line":251,"column":34}},"251":{"start":{"line":252,"column":0},"end":{"line":252,"column":7}},"253":{"start":{"line":254,"column":0},"end":{"line":254,"column":95}},"254":{"start":{"line":255,"column":0},"end":{"line":255,"column":38}},"255":{"start":{"line":256,"column":0},"end":{"line":256,"column":36}},"256":{"start":{"line":257,"column":0},"end":{"line":257,"column":81}},"257":{"start":{"line":258,"column":0},"end":{"line":258,"column":78}},"258":{"start":{"line":259,"column":0},"end":{"line":259,"column":12}},"259":{"start":{"line":260,"column":0},"end":{"line":260,"column":9}},"260":{"start":{"line":261,"column":0},"end":{"line":261,"column":7}},"262":{"start":{"line":263,"column":0},"end":{"line":263,"column":56}},"263":{"start":{"line":264,"column":0},"end":{"line":264,"column":20}},"264":{"start":{"line":265,"column":0},"end":{"line":265,"column":63}},"265":{"start":{"line":266,"column":0},"end":{"line":266,"column":7}},"267":{"start":{"line":268,"column":0},"end":{"line":268,"column":46}},"268":{"start":{"line":269,"column":0},"end":{"line":269,"column":19}},"269":{"start":{"line":270,"column":0},"end":{"line":270,"column":29}},"270":{"start":{"line":271,"column":0},"end":{"line":271,"column":21}},"271":{"start":{"line":272,"column":0},"end":{"line":272,"column":38}},"272":{"start":{"line":273,"column":0},"end":{"line":273,"column":22}},"273":{"start":{"line":274,"column":0},"end":{"line":274,"column":10}},"274":{"start":{"line":275,"column":0},"end":{"line":275,"column":7}},"276":{"start":{"line":277,"column":0},"end":{"line":277,"column":58}},"277":{"start":{"line":278,"column":0},"end":{"line":278,"column":45}},"278":{"start":{"line":279,"column":0},"end":{"line":279,"column":60}},"279":{"start":{"line":280,"column":0},"end":{"line":280,"column":7}},"280":{"start":{"line":281,"column":0},"end":{"line":281,"column":5}},"281":{"start":{"line":282,"column":0},"end":{"line":282,"column":3}},"283":{"start":{"line":284,"column":0},"end":{"line":284,"column":58}},"284":{"start":{"line":285,"column":0},"end":{"line":285,"column":43}},"286":{"start":{"line":287,"column":0},"end":{"line":287,"column":44}},"287":{"start":{"line":288,"column":0},"end":{"line":288,"column":69}},"289":{"start":{"line":290,"column":0},"end":{"line":290,"column":41}},"290":{"start":{"line":291,"column":0},"end":{"line":291,"column":33}},"291":{"start":{"line":292,"column":0},"end":{"line":292,"column":7}},"292":{"start":{"line":293,"column":0},"end":{"line":293,"column":5}},"294":{"start":{"line":295,"column":0},"end":{"line":295,"column":30}},"295":{"start":{"line":296,"column":0},"end":{"line":296,"column":42}},"297":{"start":{"line":298,"column":0},"end":{"line":298,"column":85}},"299":{"start":{"line":300,"column":0},"end":{"line":300,"column":105}},"300":{"start":{"line":301,"column":0},"end":{"line":301,"column":82}},"301":{"start":{"line":302,"column":0},"end":{"line":302,"column":64}},"302":{"start":{"line":303,"column":0},"end":{"line":303,"column":97}},"303":{"start":{"line":304,"column":0},"end":{"line":304,"column":41}},"304":{"start":{"line":305,"column":0},"end":{"line":305,"column":52}},"305":{"start":{"line":306,"column":0},"end":{"line":306,"column":52}},"306":{"start":{"line":307,"column":0},"end":{"line":307,"column":42}},"307":{"start":{"line":308,"column":0},"end":{"line":308,"column":11}},"308":{"start":{"line":309,"column":0},"end":{"line":309,"column":9}},"310":{"start":{"line":311,"column":0},"end":{"line":311,"column":128}},"311":{"start":{"line":312,"column":0},"end":{"line":312,"column":57}},"312":{"start":{"line":313,"column":0},"end":{"line":313,"column":72}},"313":{"start":{"line":314,"column":0},"end":{"line":314,"column":66}},"314":{"start":{"line":315,"column":0},"end":{"line":315,"column":68}},"315":{"start":{"line":316,"column":0},"end":{"line":316,"column":13}},"316":{"start":{"line":317,"column":0},"end":{"line":317,"column":67}},"317":{"start":{"line":318,"column":0},"end":{"line":318,"column":41}},"318":{"start":{"line":319,"column":0},"end":{"line":319,"column":11}},"319":{"start":{"line":320,"column":0},"end":{"line":320,"column":9}},"320":{"start":{"line":321,"column":0},"end":{"line":321,"column":7}},"321":{"start":{"line":322,"column":0},"end":{"line":322,"column":5}},"322":{"start":{"line":323,"column":0},"end":{"line":323,"column":3}},"324":{"start":{"line":325,"column":0},"end":{"line":325,"column":20}},"325":{"start":{"line":326,"column":0},"end":{"line":326,"column":1}}},"s":{"0":1,"11":1,"12":1,"13":1,"14":1,"15":1,"16":1,"17":1,"19":1,"20":4,"21":4,"22":4,"23":4,"24":4,"25":2,"26":2,"27":2,"28":2,"30":4,"31":0,"32":0,"34":4,"36":4,"37":4,"38":4,"39":4,"40":4,"41":4,"42":4,"43":4,"44":4,"45":4,"46":4,"47":4,"48":4,"49":4,"50":4,"51":4,"52":4,"54":4,"56":4,"57":0,"58":0,"59":0,"60":0,"61":0,"62":0,"63":4,"64":0,"65":0,"66":0,"68":0,"71":0,"72":2,"73":2,"75":2,"76":0,"77":0,"78":0,"79":0,"80":0,"81":2,"83":4,"84":0,"85":0,"87":0,"88":0,"90":0,"91":0,"92":0,"93":0,"94":0,"95":0,"96":0,"97":0,"98":0,"99":0,"101":0,"102":0,"103":0,"104":0,"105":0,"107":0,"108":0,"109":0,"110":0,"111":0,"113":0,"114":0,"115":0,"116":0,"118":0,"119":0,"120":0,"121":0,"122":0,"123":0,"124":0,"125":0,"127":0,"128":0,"129":0,"130":0,"131":0,"132":0,"134":0,"135":0,"136":0,"137":0,"138":0,"139":0,"141":0,"142":0,"143":0,"145":0,"146":0,"147":0,"148":0,"149":0,"150":0,"151":0,"153":0,"154":0,"155":0,"156":0,"157":0,"158":0,"159":0,"161":0,"162":0,"163":0,"164":0,"165":0,"167":0,"168":0,"169":0,"170":0,"171":0,"173":0,"174":0,"175":0,"176":0,"178":0,"179":0,"180":0,"181":0,"182":0,"184":0,"185":0,"187":0,"188":0,"190":0,"191":0,"192":0,"193":0,"194":0,"195":0,"196":0,"197":0,"198":0,"199":0,"200":0,"201":0,"202":0,"204":0,"205":0,"206":0,"207":0,"208":0,"209":0,"210":0,"211":0,"212":0,"213":0,"214":0,"215":0,"216":0,"217":0,"218":0,"220":0,"221":0,"223":0,"224":0,"226":0,"227":0,"229":0,"230":0,"232":0,"233":0,"234":0,"235":0,"236":0,"237":0,"238":0,"240":0,"241":0,"242":0,"243":0,"244":0,"245":0,"246":0,"248":0,"249":0,"250":0,"251":0,"253":0,"254":0,"255":0,"256":0,"257":0,"258":0,"259":0,"260":0,"262":0,"263":0,"264":0,"265":0,"267":0,"268":0,"269":0,"270":0,"271":0,"272":0,"273":0,"274":0,"276":0,"277":0,"278":0,"279":0,"280":0,"281":0,"283":4,"284":2,"286":2,"287":2,"289":2,"290":2,"291":2,"292":2,"294":2,"295":2,"297":2,"299":2,"300":2,"301":2,"302":0,"303":0,"304":0,"305":0,"306":0,"307":0,"308":0,"310":2,"311":2,"312":0,"313":0,"314":0,"315":0,"316":2,"317":2,"318":2,"319":2,"320":2,"321":2,"322":2,"324":2,"325":2},"branchMap":{"0":{"type":"branch","line":20,"loc":{"start":{"line":20,"column":7},"end":{"line":326,"column":1}},"locations":[{"start":{"line":20,"column":7},"end":{"line":326,"column":1}}]},"1":{"type":"branch","line":25,"loc":{"start":{"line":25,"column":33},"end":{"line":31,"column":36}},"locations":[{"start":{"line":25,"column":33},"end":{"line":31,"column":36}}]},"2":{"type":"branch","line":26,"loc":{"start":{"line":26,"column":51},"end":{"line":26,"column":72}},"locations":[{"start":{"line":26,"column":51},"end":{"line":26,"column":72}}]},"3":{"type":"branch","line":31,"loc":{"start":{"line":31,"column":36},"end":{"line":33,"column":3}},"locations":[{"start":{"line":31,"column":36},"end":{"line":33,"column":3}}]},"4":{"type":"branch","line":33,"loc":{"start":{"line":33,"column":2},"end":{"line":35,"column":38}},"locations":[{"start":{"line":33,"column":2},"end":{"line":35,"column":38}}]},"5":{"type":"branch","line":35,"loc":{"start":{"line":35,"column":27},"end":{"line":35,"column":48}},"locations":[{"start":{"line":35,"column":27},"end":{"line":35,"column":48}}]},"6":{"type":"branch","line":57,"loc":{"start":{"line":57,"column":41},"end":{"line":64,"column":13}},"locations":[{"start":{"line":57,"column":41},"end":{"line":64,"column":13}}]},"7":{"type":"branch","line":64,"loc":{"start":{"line":64,"column":2},"end":{"line":84,"column":27}},"locations":[{"start":{"line":64,"column":2},"end":{"line":84,"column":27}}]},"8":{"type":"branch","line":64,"loc":{"start":{"line":64,"column":28},"end":{"line":73,"column":9}},"locations":[{"start":{"line":64,"column":28},"end":{"line":73,"column":9}}]},"9":{"type":"branch","line":76,"loc":{"start":{"line":76,"column":23},"end":{"line":81,"column":5}},"locations":[{"start":{"line":76,"column":23},"end":{"line":81,"column":5}}]},"10":{"type":"branch","line":84,"loc":{"start":{"line":84,"column":15},"end":{"line":84,"column":34}},"locations":[{"start":{"line":84,"column":15},"end":{"line":84,"column":34}}]},"11":{"type":"branch","line":84,"loc":{"start":{"line":84,"column":34},"end":{"line":282,"column":3}},"locations":[{"start":{"line":84,"column":34},"end":{"line":282,"column":3}}]},"12":{"type":"branch","line":282,"loc":{"start":{"line":282,"column":2},"end":{"line":284,"column":57}},"locations":[{"start":{"line":282,"column":2},"end":{"line":284,"column":57}}]},"13":{"type":"branch","line":284,"loc":{"start":{"line":284,"column":57},"end":{"line":326,"column":1}},"locations":[{"start":{"line":284,"column":57},"end":{"line":326,"column":1}}]},"14":{"type":"branch","line":300,"loc":{"start":{"line":300,"column":38},"end":{"line":300,"column":58}},"locations":[{"start":{"line":300,"column":38},"end":{"line":300,"column":58}}]},"15":{"type":"branch","line":300,"loc":{"start":{"line":300,"column":50},"end":{"line":300,"column":100}},"locations":[{"start":{"line":300,"column":50},"end":{"line":300,"column":100}}]},"16":{"type":"branch","line":301,"loc":{"start":{"line":301,"column":24},"end":{"line":301,"column":77}},"locations":[{"start":{"line":301,"column":24},"end":{"line":301,"column":77}}]},"17":{"type":"branch","line":302,"loc":{"start":{"line":302,"column":63},"end":{"line":309,"column":9}},"locations":[{"start":{"line":302,"column":63},"end":{"line":309,"column":9}}]},"18":{"type":"branch","line":312,"loc":{"start":{"line":312,"column":56},"end":{"line":317,"column":21}},"locations":[{"start":{"line":312,"column":56},"end":{"line":317,"column":21}}]}},"b":{"0":[4],"1":[2],"2":[0],"3":[0],"4":[2],"5":[0],"6":[0],"7":[2],"8":[0],"9":[0],"10":[0],"11":[0],"12":[2],"13":[2],"14":[0],"15":[0],"16":[0],"17":[0],"18":[0]},"fnMap":{"0":{"name":"mapHTMLNodeToFigma","decl":{"start":{"line":20,"column":7},"end":{"line":326,"column":1}},"loc":{"start":{"line":20,"column":7},"end":{"line":326,"column":1}},"line":20}},"f":{"0":4}}
,"/workspace/src/converter/types.ts": {"path":"/workspace/src/converter/types.ts","all":false,"statementMap":{"0":{"start":{"line":1,"column":0},"end":{"line":1,"column":21}}},"s":{"0":1},"branchMap":{},"b":{},"fnMap":{},"f":{}}
,"/workspace/src/converter/constants/color-constants.ts": {"path":"/workspace/src/converter/constants/color-constants.ts","all":false,"statementMap":{"3":{"start":{"line":4,"column":0},"end":{"line":4,"column":26}},"5":{"start":{"line":6,"column":0},"end":{"line":6,"column":17}},"7":{"start":{"line":8,"column":0},"end":{"line":8,"column":14}},"8":{"start":{"line":9,"column":0},"end":{"line":9,"column":11}},"13":{"start":{"line":14,"column":0},"end":{"line":14,"column":27}},"15":{"start":{"line":16,"column":0},"end":{"line":16,"column":23}},"17":{"start":{"line":18,"column":0},"end":{"line":18,"column":22}},"19":{"start":{"line":20,"column":0},"end":{"line":20,"column":20}},"20":{"start":{"line":21,"column":0},"end":{"line":21,"column":11}},"25":{"start":{"line":26,"column":0},"end":{"line":26,"column":27}},"27":{"start":{"line":28,"column":0},"end":{"line":28,"column":18}},"29":{"start":{"line":30,"column":0},"end":{"line":30,"column":17}},"31":{"start":{"line":32,"column":0},"end":{"line":32,"column":11}},"32":{"start":{"line":33,"column":0},"end":{"line":33,"column":11}},"37":{"start":{"line":38,"column":0},"end":{"line":38,"column":34}},"39":{"start":{"line":40,"column":0},"end":{"line":40,"column":13}},"41":{"start":{"line":42,"column":0},"end":{"line":42,"column":15}},"43":{"start":{"line":44,"column":0},"end":{"line":44,"column":13}},"44":{"start":{"line":45,"column":0},"end":{"line":45,"column":11}},"50":{"start":{"line":51,"column":0},"end":{"line":51,"column":35}},"52":{"start":{"line":53,"column":0},"end":{"line":53,"column":17}},"54":{"start":{"line":55,"column":0},"end":{"line":55,"column":26}},"56":{"start":{"line":57,"column":0},"end":{"line":57,"column":23}},"58":{"start":{"line":59,"column":0},"end":{"line":59,"column":21}},"59":{"start":{"line":60,"column":0},"end":{"line":60,"column":11}}},"s":{"3":1,"5":1,"7":1,"8":1,"13":1,"15":1,"17":1,"19":1,"20":1,"25":1,"27":1,"29":1,"31":1,"32":1,"37":1,"39":1,"41":1,"43":1,"44":1,"50":1,"52":1,"54":1,"56":1,"58":1,"59":1},"branchMap":{},"b":{},"fnMap":{},"f":{}}
,"/workspace/src/converter/constants/css-values.ts": {"path":"/workspace/src/converter/constants/css-values.ts","all":false,"statementMap":{"6":{"start":{"line":7,"column":0},"end":{"line":7,"column":28}},"7":{"start":{"line":8,"column":0},"end":{"line":8,"column":15}},"8":{"start":{"line":9,"column":0},"end":{"line":9,"column":17}},"9":{"start":{"line":10,"column":0},"end":{"line":10,"column":19}},"10":{"start":{"line":11,"column":0},"end":{"line":11,"column":31}},"11":{"start":{"line":12,"column":0},"end":{"line":12,"column":15}},"12":{"start":{"line":13,"column":0},"end":{"line":13,"column":29}},"13":{"start":{"line":14,"column":0},"end":{"line":14,"column":15}},"14":{"start":{"line":15,"column":0},"end":{"line":15,"column":29}},"15":{"start":{"line":16,"column":0},"end":{"line":16,"column":17}},"16":{"start":{"line":17,"column":0},"end":{"line":17,"column":27}},"17":{"start":{"line":18,"column":0},"end":{"line":18,"column":25}},"18":{"start":{"line":19,"column":0},"end":{"line":19,"column":24}},"19":{"start":{"line":20,"column":0},"end":{"line":20,"column":11}},"22":{"start":{"line":23,"column":0},"end":{"line":23,"column":35}},"23":{"start":{"line":24,"column":0},"end":{"line":24,"column":13}},"24":{"start":{"line":25,"column":0},"end":{"line":25,"column":29}},"25":{"start":{"line":26,"column":0},"end":{"line":26,"column":19}},"26":{"start":{"line":27,"column":0},"end":{"line":27,"column":34}},"27":{"start":{"line":28,"column":0},"end":{"line":28,"column":11}},"29":{"start":{"line":30,"column":0},"end":{"line":30,"column":36}},"30":{"start":{"line":31,"column":0},"end":{"line":31,"column":27}},"31":{"start":{"line":32,"column":0},"end":{"line":32,"column":23}},"32":{"start":{"line":33,"column":0},"end":{"line":33,"column":19}},"33":{"start":{"line":34,"column":0},"end":{"line":34,"column":33}},"34":{"start":{"line":35,"column":0},"end":{"line":35,"column":31}},"35":{"start":{"line":36,"column":0},"end":{"line":36,"column":31}},"36":{"start":{"line":37,"column":0},"end":{"line":37,"column":17}},"37":{"start":{"line":38,"column":0},"end":{"line":38,"column":13}},"38":{"start":{"line":39,"column":0},"end":{"line":39,"column":15}},"39":{"start":{"line":40,"column":0},"end":{"line":40,"column":16}},"40":{"start":{"line":41,"column":0},"end":{"line":41,"column":11}},"42":{"start":{"line":43,"column":0},"end":{"line":43,"column":32}},"43":{"start":{"line":44,"column":0},"end":{"line":44,"column":27}},"44":{"start":{"line":45,"column":0},"end":{"line":45,"column":23}},"45":{"start":{"line":46,"column":0},"end":{"line":46,"column":19}},"46":{"start":{"line":47,"column":0},"end":{"line":47,"column":23}},"47":{"start":{"line":48,"column":0},"end":{"line":48,"column":21}},"48":{"start":{"line":49,"column":0},"end":{"line":49,"column":17}},"49":{"start":{"line":50,"column":0},"end":{"line":50,"column":13}},"50":{"start":{"line":51,"column":0},"end":{"line":51,"column":27}},"51":{"start":{"line":52,"column":0},"end":{"line":52,"column":22}},"52":{"start":{"line":53,"column":0},"end":{"line":53,"column":11}},"54":{"start":{"line":55,"column":0},"end":{"line":55,"column":34}},"55":{"start":{"line":56,"column":0},"end":{"line":56,"column":27}},"56":{"start":{"line":57,"column":0},"end":{"line":57,"column":23}},"57":{"start":{"line":58,"column":0},"end":{"line":58,"column":19}},"58":{"start":{"line":59,"column":0},"end":{"line":59,"column":33}},"59":{"start":{"line":60,"column":0},"end":{"line":60,"column":31}},"60":{"start":{"line":61,"column":0},"end":{"line":61,"column":31}},"61":{"start":{"line":62,"column":0},"end":{"line":62,"column":21}},"62":{"start":{"line":63,"column":0},"end":{"line":63,"column":17}},"63":{"start":{"line":64,"column":0},"end":{"line":64,"column":12}},"64":{"start":{"line":65,"column":0},"end":{"line":65,"column":11}},"66":{"start":{"line":67,"column":0},"end":{"line":67,"column":30}},"67":{"start":{"line":68,"column":0},"end":{"line":68,"column":19}},"68":{"start":{"line":69,"column":0},"end":{"line":69,"column":15}},"69":{"start":{"line":70,"column":0},"end":{"line":70,"column":30}},"70":{"start":{"line":71,"column":0},"end":{"line":71,"column":11}},"73":{"start":{"line":74,"column":0},"end":{"line":74,"column":29}},"74":{"start":{"line":75,"column":0},"end":{"line":75,"column":19}},"75":{"start":{"line":76,"column":0},"end":{"line":76,"column":23}},"76":{"start":{"line":77,"column":0},"end":{"line":77,"column":23}},"77":{"start":{"line":78,"column":0},"end":{"line":78,"column":17}},"78":{"start":{"line":79,"column":0},"end":{"line":79,"column":18}},"79":{"start":{"line":80,"column":0},"end":{"line":80,"column":11}},"82":{"start":{"line":83,"column":0},"end":{"line":83,"column":31}},"83":{"start":{"line":84,"column":0},"end":{"line":84,"column":29}},"84":{"start":{"line":85,"column":0},"end":{"line":85,"column":26}},"85":{"start":{"line":86,"column":0},"end":{"line":86,"column":11}},"88":{"start":{"line":89,"column":0},"end":{"line":89,"column":29}},"89":{"start":{"line":90,"column":0},"end":{"line":90,"column":21}},"90":{"start":{"line":91,"column":0},"end":{"line":91,"column":19}},"91":{"start":{"line":92,"column":0},"end":{"line":92,"column":19}},"92":{"start":{"line":93,"column":0},"end":{"line":93,"column":15}},"93":{"start":{"line":94,"column":0},"end":{"line":94,"column":14}},"94":{"start":{"line":95,"column":0},"end":{"line":95,"column":11}},"97":{"start":{"line":98,"column":0},"end":{"line":98,"column":31}},"98":{"start":{"line":99,"column":0},"end":{"line":99,"column":15}},"99":{"start":{"line":100,"column":0},"end":{"line":100,"column":17}},"100":{"start":{"line":101,"column":0},"end":{"line":101,"column":19}},"101":{"start":{"line":102,"column":0},"end":{"line":102,"column":21}},"102":{"start":{"line":103,"column":0},"end":{"line":103,"column":17}},"103":{"start":{"line":104,"column":0},"end":{"line":104,"column":12}},"104":{"start":{"line":105,"column":0},"end":{"line":105,"column":11}},"107":{"start":{"line":108,"column":0},"end":{"line":108,"column":32}},"108":{"start":{"line":109,"column":0},"end":{"line":109,"column":12}},"109":{"start":{"line":110,"column":0},"end":{"line":110,"column":19}},"110":{"start":{"line":111,"column":0},"end":{"line":111,"column":13}},"111":{"start":{"line":112,"column":0},"end":{"line":112,"column":14}},"112":{"start":{"line":113,"column":0},"end":{"line":113,"column":14}},"113":{"start":{"line":114,"column":0},"end":{"line":114,"column":17}},"114":{"start":{"line":115,"column":0},"end":{"line":115,"column":12}},"115":{"start":{"line":116,"column":0},"end":{"line":116,"column":18}},"116":{"start":{"line":117,"column":0},"end":{"line":117,"column":12}},"117":{"start":{"line":118,"column":0},"end":{"line":118,"column":11}},"120":{"start":{"line":121,"column":0},"end":{"line":121,"column":26}},"122":{"start":{"line":123,"column":0},"end":{"line":123,"column":11}},"123":{"start":{"line":124,"column":0},"end":{"line":124,"column":11}},"124":{"start":{"line":125,"column":0},"end":{"line":125,"column":11}},"125":{"start":{"line":126,"column":0},"end":{"line":126,"column":11}},"126":{"start":{"line":127,"column":0},"end":{"line":127,"column":11}},"127":{"start":{"line":128,"column":0},"end":{"line":128,"column":11}},"130":{"start":{"line":131,"column":0},"end":{"line":131,"column":11}},"131":{"start":{"line":132,"column":0},"end":{"line":132,"column":13}},"132":{"start":{"line":133,"column":0},"end":{"line":133,"column":15}},"133":{"start":{"line":134,"column":0},"end":{"line":134,"column":11}},"134":{"start":{"line":135,"column":0},"end":{"line":135,"column":11}},"135":{"start":{"line":136,"column":0},"end":{"line":136,"column":15}},"136":{"start":{"line":137,"column":0},"end":{"line":137,"column":15}},"137":{"start":{"line":138,"column":0},"end":{"line":138,"column":11}},"138":{"start":{"line":139,"column":0},"end":{"line":139,"column":11}},"141":{"start":{"line":142,"column":0},"end":{"line":142,"column":15}},"142":{"start":{"line":143,"column":0},"end":{"line":143,"column":21}},"143":{"start":{"line":144,"column":0},"end":{"line":144,"column":21}},"144":{"start":{"line":145,"column":0},"end":{"line":145,"column":16}},"145":{"start":{"line":146,"column":0},"end":{"line":146,"column":11}},"148":{"start":{"line":149,"column":0},"end":{"line":149,"column":33}},"149":{"start":{"line":150,"column":0},"end":{"line":150,"column":15}},"150":{"start":{"line":151,"column":0},"end":{"line":151,"column":19}},"151":{"start":{"line":152,"column":0},"end":{"line":152,"column":19}},"152":{"start":{"line":153,"column":0},"end":{"line":153,"column":19}},"153":{"start":{"line":154,"column":0},"end":{"line":154,"column":17}},"154":{"start":{"line":155,"column":0},"end":{"line":155,"column":19}},"155":{"start":{"line":156,"column":0},"end":{"line":156,"column":19}},"156":{"start":{"line":157,"column":0},"end":{"line":157,"column":17}},"157":{"start":{"line":158,"column":0},"end":{"line":158,"column":17}},"158":{"start":{"line":159,"column":0},"end":{"line":159,"column":18}},"159":{"start":{"line":160,"column":0},"end":{"line":160,"column":11}},"162":{"start":{"line":163,"column":0},"end":{"line":163,"column":27}},"163":{"start":{"line":164,"column":0},"end":{"line":164,"column":15}},"164":{"start":{"line":165,"column":0},"end":{"line":165,"column":21}},"165":{"start":{"line":166,"column":0},"end":{"line":166,"column":15}},"166":{"start":{"line":167,"column":0},"end":{"line":167,"column":21}},"167":{"start":{"line":168,"column":0},"end":{"line":168,"column":23}},"168":{"start":{"line":169,"column":0},"end":{"line":169,"column":15}},"169":{"start":{"line":170,"column":0},"end":{"line":170,"column":15}},"170":{"start":{"line":171,"column":0},"end":{"line":171,"column":15}},"171":{"start":{"line":172,"column":0},"end":{"line":172,"column":29}},"172":{"start":{"line":173,"column":0},"end":{"line":173,"column":15}},"173":{"start":{"line":174,"column":0},"end":{"line":174,"column":22}},"174":{"start":{"line":175,"column":0},"end":{"line":175,"column":11}},"177":{"start":{"line":178,"column":0},"end":{"line":178,"column":29}},"179":{"start":{"line":180,"column":0},"end":{"line":180,"column":41}},"180":{"start":{"line":181,"column":0},"end":{"line":181,"column":50}},"181":{"start":{"line":182,"column":0},"end":{"line":182,"column":39}},"182":{"start":{"line":183,"column":0},"end":{"line":183,"column":34}},"185":{"start":{"line":186,"column":0},"end":{"line":186,"column":29}},"188":{"start":{"line":189,"column":0},"end":{"line":189,"column":32}},"191":{"start":{"line":192,"column":0},"end":{"line":192,"column":41}},"194":{"start":{"line":195,"column":0},"end":{"line":195,"column":34}},"197":{"start":{"line":198,"column":0},"end":{"line":198,"column":38}},"200":{"start":{"line":201,"column":0},"end":{"line":201,"column":33}},"203":{"start":{"line":204,"column":0},"end":{"line":204,"column":38}},"206":{"start":{"line":207,"column":0},"end":{"line":207,"column":26}},"209":{"start":{"line":210,"column":0},"end":{"line":210,"column":13}},"210":{"start":{"line":211,"column":0},"end":{"line":211,"column":13}},"211":{"start":{"line":212,"column":0},"end":{"line":212,"column":11}},"212":{"start":{"line":213,"column":0},"end":{"line":213,"column":11}},"215":{"start":{"line":216,"column":0},"end":{"line":216,"column":30}},"216":{"start":{"line":217,"column":0},"end":{"line":217,"column":18}},"217":{"start":{"line":218,"column":0},"end":{"line":218,"column":16}},"218":{"start":{"line":219,"column":0},"end":{"line":219,"column":18}},"219":{"start":{"line":220,"column":0},"end":{"line":220,"column":16}},"220":{"start":{"line":221,"column":0},"end":{"line":221,"column":11}},"223":{"start":{"line":224,"column":0},"end":{"line":224,"column":36}},"224":{"start":{"line":225,"column":0},"end":{"line":225,"column":9}},"225":{"start":{"line":226,"column":0},"end":{"line":226,"column":11}},"226":{"start":{"line":227,"column":0},"end":{"line":227,"column":12}},"227":{"start":{"line":228,"column":0},"end":{"line":228,"column":9}},"228":{"start":{"line":229,"column":0},"end":{"line":229,"column":11}}},"s":{"6":1,"7":1,"8":1,"9":1,"10":1,"11":1,"12":1,"13":1,"14":1,"15":1,"16":1,"17":1,"18":1,"19":1,"22":1,"23":1,"24":1,"25":1,"26":1,"27":1,"29":1,"30":1,"31":1,"32":1,"33":1,"34":1,"35":1,"36":1,"37":1,"38":1,"39":1,"40":1,"42":1,"43":1,"44":1,"45":1,"46":1,"47":1,"48":1,"49":1,"50":1,"51":1,"52":1,"54":1,"55":1,"56":1,"57":1,"58":1,"59":1,"60":1,"61":1,"62":1,"63":1,"64":1,"66":1,"67":1,"68":1,"69":1,"70":1,"73":1,"74":1,"75":1,"76":1,"77":1,"78":1,"79":1,"82":1,"83":1,"84":1,"85":1,"88":1,"89":1,"90":1,"91":1,"92":1,"93":1,"94":1,"97":1,"98":1,"99":1,"100":1,"101":1,"102":1,"103":1,"104":1,"107":1,"108":1,"109":1,"110":1,"111":1,"112":1,"113":1,"114":1,"115":1,"116":1,"117":1,"120":1,"122":1,"123":1,"124":1,"125":1,"126":1,"127":1,"130":1,"131":1,"132":1,"133":1,"134":1,"135":1,"136":1,"137":1,"138":1,"141":1,"142":1,"143":1,"144":1,"145":1,"148":1,"149":1,"150":1,"151":1,"152":1,"153":1,"154":1,"155":1,"156":1,"157":1,"158":1,"159":1,"162":1,"163":1,"164":1,"165":1,"166":1,"167":1,"168":1,"169":1,"170":1,"171":1,"172":1,"173":1,"174":1,"177":1,"179":1,"180":1,"181":1,"182":1,"185":1,"188":1,"191":1,"194":1,"197":1,"200":1,"203":1,"206":1,"209":1,"210":1,"211":1,"212":1,"215":1,"216":1,"217":1,"218":1,"219":1,"220":1,"223":1,"224":1,"225":1,"226":1,"227":1,"228":1},"branchMap":{},"b":{},"fnMap":{},"f":{}}
,"/workspace/src/converter/constants/index.ts": {"path":"/workspace/src/converter/constants/index.ts","all":false,"statementMap":{"0":{"start":{"line":1,"column":0},"end":{"line":1,"column":29}},"1":{"start":{"line":2,"column":0},"end":{"line":2,"column":34}},"2":{"start":{"line":3,"column":0},"end":{"line":3,"column":37}}},"s":{"0":1,"1":1,"2":1},"branchMap":{},"b":{},"fnMap":{},"f":{}}
,"/workspace/src/converter/constants/viewport-constants.ts": {"path":"/workspace/src/converter/constants/viewport-constants.ts","all":false,"statementMap":{"3":{"start":{"line":4,"column":0},"end":{"line":4,"column":33}},"5":{"start":{"line":6,"column":0},"end":{"line":6,"column":14}},"7":{"start":{"line":8,"column":0},"end":{"line":8,"column":15}},"9":{"start":{"line":10,"column":0},"end":{"line":10,"column":15}},"10":{"start":{"line":11,"column":0},"end":{"line":11,"column":11}}},"s":{"3":1,"5":1,"7":1,"9":1,"10":1},"branchMap":{},"b":{},"fnMap":{},"f":{}}
,"/workspace/src/converter/elements/image/index.ts": {"path":"/workspace/src/converter/elements/image/index.ts","all":false,"statementMap":{"0":{"start":{"line":1,"column":0},"end":{"line":1,"column":43}}},"s":{"0":1},"branchMap":{},"b":{},"fnMap":{},"f":{}}
,"/workspace/src/converter/elements/image/img-attributes/img-attributes.ts": {"path":"/workspace/src/converter/elements/image/img-attributes/img-attributes.ts","all":false,"statementMap":{"0":{"start":{"line":1,"column":0},"end":{"line":1,"column":48}},"61":{"start":{"line":62,"column":0},"end":{"line":62,"column":26}},"62":{"start":{"line":63,"column":0},"end":{"line":63,"column":27}},"67":{"start":{"line":68,"column":0},"end":{"line":68,"column":30}},"71":{"start":{"line":72,"column":0},"end":{"line":72,"column":75}},"72":{"start":{"line":73,"column":0},"end":{"line":73,"column":30}},"73":{"start":{"line":74,"column":0},"end":{"line":74,"column":32}},"76":{"start":{"line":77,"column":0},"end":{"line":77,"column":27}},"77":{"start":{"line":78,"column":0},"end":{"line":78,"column":52}},"78":{"start":{"line":79,"column":0},"end":{"line":79,"column":27}},"79":{"start":{"line":80,"column":0},"end":{"line":80,"column":23}},"80":{"start":{"line":81,"column":0},"end":{"line":81,"column":7}},"81":{"start":{"line":82,"column":0},"end":{"line":82,"column":5}},"83":{"start":{"line":84,"column":0},"end":{"line":84,"column":28}},"84":{"start":{"line":85,"column":0},"end":{"line":85,"column":53}},"85":{"start":{"line":86,"column":0},"end":{"line":86,"column":27}},"86":{"start":{"line":87,"column":0},"end":{"line":87,"column":24}},"87":{"start":{"line":88,"column":0},"end":{"line":88,"column":7}},"88":{"start":{"line":89,"column":0},"end":{"line":89,"column":5}},"91":{"start":{"line":92,"column":0},"end":{"line":92,"column":27}},"92":{"start":{"line":93,"column":0},"end":{"line":93,"column":52}},"94":{"start":{"line":95,"column":0},"end":{"line":95,"column":49}},"95":{"start":{"line":96,"column":0},"end":{"line":96,"column":43}},"96":{"start":{"line":97,"column":0},"end":{"line":97,"column":27}},"97":{"start":{"line":98,"column":0},"end":{"line":98,"column":7}},"99":{"start":{"line":100,"column":0},"end":{"line":100,"column":51}},"100":{"start":{"line":101,"column":0},"end":{"line":101,"column":44}},"101":{"start":{"line":102,"column":0},"end":{"line":102,"column":29}},"102":{"start":{"line":103,"column":0},"end":{"line":103,"column":7}},"103":{"start":{"line":104,"column":0},"end":{"line":104,"column":5}},"105":{"start":{"line":106,"column":0},"end":{"line":106,"column":29}},"106":{"start":{"line":107,"column":0},"end":{"line":107,"column":4}},"111":{"start":{"line":112,"column":0},"end":{"line":112,"column":48}},"112":{"start":{"line":113,"column":0},"end":{"line":113,"column":27}},"115":{"start":{"line":116,"column":0},"end":{"line":116,"column":61}},"116":{"start":{"line":117,"column":0},"end":{"line":117,"column":66}},"117":{"start":{"line":118,"column":0},"end":{"line":118,"column":94}},"120":{"start":{"line":121,"column":0},"end":{"line":121,"column":51}},"123":{"start":{"line":124,"column":0},"end":{"line":124,"column":77}},"126":{"start":{"line":127,"column":0},"end":{"line":127,"column":90}},"129":{"start":{"line":130,"column":0},"end":{"line":130,"column":16}},"130":{"start":{"line":131,"column":0},"end":{"line":131,"column":4}},"135":{"start":{"line":136,"column":0},"end":{"line":136,"column":58}},"136":{"start":{"line":137,"column":0},"end":{"line":137,"column":39}},"138":{"start":{"line":139,"column":0},"end":{"line":139,"column":50}},"139":{"start":{"line":140,"column":0},"end":{"line":140,"column":55}},"140":{"start":{"line":141,"column":0},"end":{"line":141,"column":64}},"141":{"start":{"line":142,"column":0},"end":{"line":142,"column":4}},"146":{"start":{"line":147,"column":0},"end":{"line":147,"column":40}},"147":{"start":{"line":148,"column":0},"end":{"line":148,"column":39}},"149":{"start":{"line":150,"column":0},"end":{"line":150,"column":50}},"150":{"start":{"line":151,"column":0},"end":{"line":151,"column":36}},"151":{"start":{"line":152,"column":0},"end":{"line":152,"column":4}},"156":{"start":{"line":157,"column":0},"end":{"line":157,"column":61}},"157":{"start":{"line":158,"column":0},"end":{"line":158,"column":39}},"159":{"start":{"line":160,"column":0},"end":{"line":160,"column":50}},"160":{"start":{"line":161,"column":0},"end":{"line":161,"column":56}},"163":{"start":{"line":164,"column":0},"end":{"line":164,"column":43}},"164":{"start":{"line":165,"column":0},"end":{"line":165,"column":26}},"165":{"start":{"line":166,"column":0},"end":{"line":166,"column":5}},"168":{"start":{"line":169,"column":0},"end":{"line":169,"column":59}},"169":{"start":{"line":170,"column":0},"end":{"line":170,"column":49}},"170":{"start":{"line":171,"column":0},"end":{"line":171,"column":63}},"171":{"start":{"line":172,"column":0},"end":{"line":172,"column":25}},"172":{"start":{"line":173,"column":0},"end":{"line":173,"column":7}},"173":{"start":{"line":174,"column":0},"end":{"line":174,"column":5}},"175":{"start":{"line":176,"column":0},"end":{"line":176,"column":16}},"176":{"start":{"line":177,"column":0},"end":{"line":177,"column":3}},"177":{"start":{"line":178,"column":0},"end":{"line":178,"column":1}}},"s":{"0":1,"61":1,"62":1,"67":1,"71":1,"72":13,"73":13,"76":13,"77":7,"78":7,"79":6,"80":6,"81":7,"83":13,"84":7,"85":7,"86":6,"87":6,"88":7,"91":13,"92":2,"94":2,"95":2,"96":2,"97":2,"99":2,"100":2,"101":1,"102":1,"103":2,"105":13,"106":13,"111":1,"112":21,"115":21,"116":21,"117":21,"120":21,"123":21,"126":21,"129":5,"130":21,"135":1,"136":10,"138":3,"139":3,"140":10,"141":10,"146":1,"147":11,"149":4,"150":4,"151":11,"156":1,"157":11,"159":4,"160":4,"163":9,"164":2,"165":2,"168":11,"169":0,"170":0,"171":0,"172":0,"173":0,"175":2,"176":11,"177":1},"branchMap":{"0":{"type":"branch","line":72,"loc":{"start":{"line":72,"column":2},"end":{"line":107,"column":4}},"locations":[{"start":{"line":72,"column":2},"end":{"line":107,"column":4}}]},"1":{"type":"branch","line":77,"loc":{"start":{"line":77,"column":26},"end":{"line":82,"column":5}},"locations":[{"start":{"line":77,"column":26},"end":{"line":82,"column":5}}]},"2":{"type":"branch","line":79,"loc":{"start":{"line":79,"column":26},"end":{"line":81,"column":7}},"locations":[{"start":{"line":79,"column":26},"end":{"line":81,"column":7}}]},"3":{"type":"branch","line":84,"loc":{"start":{"line":84,"column":27},"end":{"line":89,"column":5}},"locations":[{"start":{"line":84,"column":27},"end":{"line":89,"column":5}}]},"4":{"type":"branch","line":86,"loc":{"start":{"line":86,"column":26},"end":{"line":88,"column":7}},"locations":[{"start":{"line":86,"column":26},"end":{"line":88,"column":7}}]},"5":{"type":"branch","line":92,"loc":{"start":{"line":92,"column":26},"end":{"line":104,"column":5}},"locations":[{"start":{"line":92,"column":26},"end":{"line":104,"column":5}}]},"6":{"type":"branch","line":101,"loc":{"start":{"line":101,"column":43},"end":{"line":103,"column":7}},"locations":[{"start":{"line":101,"column":43},"end":{"line":103,"column":7}}]},"7":{"type":"branch","line":112,"loc":{"start":{"line":112,"column":2},"end":{"line":131,"column":4}},"locations":[{"start":{"line":112,"column":2},"end":{"line":131,"column":4}}]},"8":{"type":"branch","line":113,"loc":{"start":{"line":113,"column":14},"end":{"line":113,"column":27}},"locations":[{"start":{"line":113,"column":14},"end":{"line":113,"column":27}}]},"9":{"type":"branch","line":113,"loc":{"start":{"line":113,"column":21},"end":{"line":116,"column":29}},"locations":[{"start":{"line":113,"column":21},"end":{"line":116,"column":29}}]},"10":{"type":"branch","line":116,"loc":{"start":{"line":116,"column":24},"end":{"line":116,"column":48}},"locations":[{"start":{"line":116,"column":24},"end":{"line":116,"column":48}}]},"11":{"type":"branch","line":116,"loc":{"start":{"line":116,"column":48},"end":{"line":116,"column":61}},"locations":[{"start":{"line":116,"column":48},"end":{"line":116,"column":61}}]},"12":{"type":"branch","line":116,"loc":{"start":{"line":116,"column":55},"end":{"line":117,"column":60}},"locations":[{"start":{"line":116,"column":55},"end":{"line":117,"column":60}}]},"13":{"type":"branch","line":117,"loc":{"start":{"line":117,"column":53},"end":{"line":117,"column":66}},"locations":[{"start":{"line":117,"column":53},"end":{"line":117,"column":66}}]},"14":{"type":"branch","line":117,"loc":{"start":{"line":117,"column":60},"end":{"line":118,"column":49}},"locations":[{"start":{"line":117,"column":60},"end":{"line":118,"column":49}}]},"15":{"type":"branch","line":118,"loc":{"start":{"line":118,"column":44},"end":{"line":118,"column":81}},"locations":[{"start":{"line":118,"column":44},"end":{"line":118,"column":81}}]},"16":{"type":"branch","line":118,"loc":{"start":{"line":118,"column":81},"end":{"line":118,"column":94}},"locations":[{"start":{"line":118,"column":81},"end":{"line":118,"column":94}}]},"17":{"type":"branch","line":118,"loc":{"start":{"line":118,"column":88},"end":{"line":121,"column":46}},"locations":[{"start":{"line":118,"column":88},"end":{"line":121,"column":46}}]},"18":{"type":"branch","line":121,"loc":{"start":{"line":121,"column":39},"end":{"line":121,"column":51}},"locations":[{"start":{"line":121,"column":39},"end":{"line":121,"column":51}}]},"19":{"type":"branch","line":121,"loc":{"start":{"line":121,"column":46},"end":{"line":124,"column":65}},"locations":[{"start":{"line":121,"column":46},"end":{"line":124,"column":65}}]},"20":{"type":"branch","line":121,"loc":{"start":{"line":121,"column":46},"end":{"line":124,"column":37}},"locations":[{"start":{"line":121,"column":46},"end":{"line":124,"column":37}}]},"21":{"type":"branch","line":124,"loc":{"start":{"line":124,"column":32},"end":{"line":124,"column":65}},"locations":[{"start":{"line":124,"column":32},"end":{"line":124,"column":65}}]},"22":{"type":"branch","line":124,"loc":{"start":{"line":124,"column":65},"end":{"line":124,"column":77}},"locations":[{"start":{"line":124,"column":65},"end":{"line":124,"column":77}}]},"23":{"type":"branch","line":124,"loc":{"start":{"line":124,"column":72},"end":{"line":127,"column":55}},"locations":[{"start":{"line":124,"column":72},"end":{"line":127,"column":55}}]},"24":{"type":"branch","line":124,"loc":{"start":{"line":124,"column":72},"end":{"line":127,"column":31}},"locations":[{"start":{"line":124,"column":72},"end":{"line":127,"column":31}}]},"25":{"type":"branch","line":127,"loc":{"start":{"line":127,"column":26},"end":{"line":127,"column":55}},"locations":[{"start":{"line":127,"column":26},"end":{"line":127,"column":55}}]},"26":{"type":"branch","line":127,"loc":{"start":{"line":127,"column":50},"end":{"line":127,"column":78}},"locations":[{"start":{"line":127,"column":50},"end":{"line":127,"column":78}}]},"27":{"type":"branch","line":127,"loc":{"start":{"line":127,"column":78},"end":{"line":127,"column":90}},"locations":[{"start":{"line":127,"column":78},"end":{"line":127,"column":90}}]},"28":{"type":"branch","line":127,"loc":{"start":{"line":127,"column":85},"end":{"line":130,"column":16}},"locations":[{"start":{"line":127,"column":85},"end":{"line":130,"column":16}}]},"29":{"type":"branch","line":136,"loc":{"start":{"line":136,"column":2},"end":{"line":142,"column":4}},"locations":[{"start":{"line":136,"column":2},"end":{"line":142,"column":4}}]},"30":{"type":"branch","line":137,"loc":{"start":{"line":137,"column":27},"end":{"line":137,"column":39}},"locations":[{"start":{"line":137,"column":27},"end":{"line":137,"column":39}}]},"31":{"type":"branch","line":137,"loc":{"start":{"line":137,"column":34},"end":{"line":141,"column":59}},"locations":[{"start":{"line":137,"column":34},"end":{"line":141,"column":59}}]},"32":{"type":"branch","line":137,"loc":{"start":{"line":137,"column":34},"end":{"line":141,"column":37}},"locations":[{"start":{"line":137,"column":34},"end":{"line":141,"column":37}}]},"33":{"type":"branch","line":141,"loc":{"start":{"line":141,"column":25},"end":{"line":141,"column":59}},"locations":[{"start":{"line":141,"column":25},"end":{"line":141,"column":59}}]},"34":{"type":"branch","line":141,"loc":{"start":{"line":141,"column":37},"end":{"line":141,"column":64}},"locations":[{"start":{"line":141,"column":37},"end":{"line":141,"column":64}}]},"35":{"type":"branch","line":147,"loc":{"start":{"line":147,"column":2},"end":{"line":152,"column":4}},"locations":[{"start":{"line":147,"column":2},"end":{"line":152,"column":4}}]},"36":{"type":"branch","line":148,"loc":{"start":{"line":148,"column":27},"end":{"line":148,"column":39}},"locations":[{"start":{"line":148,"column":27},"end":{"line":148,"column":39}}]},"37":{"type":"branch","line":148,"loc":{"start":{"line":148,"column":34},"end":{"line":151,"column":36}},"locations":[{"start":{"line":148,"column":34},"end":{"line":151,"column":36}}]},"38":{"type":"branch","line":157,"loc":{"start":{"line":157,"column":2},"end":{"line":177,"column":3}},"locations":[{"start":{"line":157,"column":2},"end":{"line":177,"column":3}}]},"39":{"type":"branch","line":158,"loc":{"start":{"line":158,"column":27},"end":{"line":158,"column":39}},"locations":[{"start":{"line":158,"column":27},"end":{"line":158,"column":39}}]},"40":{"type":"branch","line":158,"loc":{"start":{"line":158,"column":34},"end":{"line":169,"column":58}},"locations":[{"start":{"line":158,"column":34},"end":{"line":169,"column":58}}]},"41":{"type":"branch","line":158,"loc":{"start":{"line":158,"column":34},"end":{"line":164,"column":42}},"locations":[{"start":{"line":158,"column":34},"end":{"line":164,"column":42}}]},"42":{"type":"branch","line":164,"loc":{"start":{"line":164,"column":42},"end":{"line":169,"column":24}},"locations":[{"start":{"line":164,"column":42},"end":{"line":169,"column":24}}]},"43":{"type":"branch","line":169,"loc":{"start":{"line":169,"column":8},"end":{"line":169,"column":58}},"locations":[{"start":{"line":169,"column":8},"end":{"line":169,"column":58}}]},"44":{"type":"branch","line":169,"loc":{"start":{"line":169,"column":58},"end":{"line":176,"column":16}},"locations":[{"start":{"line":169,"column":58},"end":{"line":176,"column":16}}]},"45":{"type":"branch","line":169,"loc":{"start":{"line":169,"column":58},"end":{"line":174,"column":5}},"locations":[{"start":{"line":169,"column":58},"end":{"line":174,"column":5}}]},"46":{"type":"branch","line":174,"loc":{"start":{"line":174,"column":4},"end":{"line":176,"column":16}},"locations":[{"start":{"line":174,"column":4},"end":{"line":176,"column":16}}]}},"b":{"0":[13],"1":[7],"2":[6],"3":[7],"4":[6],"5":[2],"6":[1],"7":[21],"8":[3],"9":[18],"10":[15],"11":[3],"12":[15],"13":[1],"14":[14],"15":[2],"16":[0],"17":[14],"18":[2],"19":[18],"20":[12],"21":[11],"22":[4],"23":[16],"24":[8],"25":[7],"26":[6],"27":[3],"28":[5],"29":[10],"30":[7],"31":[4],"32":[3],"33":[2],"34":[1],"35":[11],"36":[7],"37":[4],"38":[11],"39":[7],"40":[9],"41":[4],"42":[2],"43":[0],"44":[9],"45":[0],"46":[2]},"fnMap":{"0":{"name":"parseSize","decl":{"start":{"line":72,"column":2},"end":{"line":107,"column":4}},"loc":{"start":{"line":72,"column":2},"end":{"line":107,"column":4}},"line":72},"1":{"name":"isValidUrl","decl":{"start":{"line":112,"column":2},"end":{"line":131,"column":4}},"loc":{"start":{"line":112,"column":2},"end":{"line":131,"column":4}},"line":112},"2":{"name":"getObjectFit","decl":{"start":{"line":136,"column":2},"end":{"line":142,"column":4}},"loc":{"start":{"line":136,"column":2},"end":{"line":142,"column":4}},"line":136},"3":{"name":"getBorder","decl":{"start":{"line":147,"column":2},"end":{"line":152,"column":4}},"loc":{"start":{"line":147,"column":2},"end":{"line":152,"column":4}},"line":147},"4":{"name":"getBorderRadius","decl":{"start":{"line":157,"column":2},"end":{"line":177,"column":3}},"loc":{"start":{"line":157,"column":2},"end":{"line":177,"column":3}},"line":157}},"f":{"0":13,"1":21,"2":10,"3":11,"4":11}}
,"/workspace/src/converter/elements/image/img-attributes/index.ts": {"path":"/workspace/src/converter/elements/image/img-attributes/index.ts","all":false,"statementMap":{"0":{"start":{"line":1,"column":0},"end":{"line":1,"column":49}}},"s":{"0":1},"branchMap":{},"b":{},"fnMap":{},"f":{}}
,"/workspace/src/converter/elements/image/img-element/img-element.ts": {"path":"/workspace/src/converter/elements/image/img-element/img-element.ts","all":false,"statementMap":{"0":{"start":{"line":1,"column":0},"end":{"line":1,"column":66}},"6":{"start":{"line":7,"column":0},"end":{"line":7,"column":20}},"7":{"start":{"line":8,"column":0},"end":{"line":8,"column":15}},"8":{"start":{"line":9,"column":0},"end":{"line":9,"column":21}},"9":{"start":{"line":10,"column":0},"end":{"line":10,"column":17}},"10":{"start":{"line":11,"column":0},"end":{"line":11,"column":15}},"11":{"start":{"line":12,"column":0},"end":{"line":12,"column":26}},"12":{"start":{"line":13,"column":0},"end":{"line":13,"column":11}},"17":{"start":{"line":18,"column":0},"end":{"line":18,"column":20}},"18":{"start":{"line":19,"column":0},"end":{"line":19,"column":15}},"19":{"start":{"line":20,"column":0},"end":{"line":20,"column":13}},"20":{"start":{"line":21,"column":0},"end":{"line":21,"column":15}},"21":{"start":{"line":22,"column":0},"end":{"line":22,"column":14}},"22":{"start":{"line":23,"column":0},"end":{"line":23,"column":11}},"27":{"start":{"line":28,"column":0},"end":{"line":28,"column":64}},"28":{"start":{"line":29,"column":0},"end":{"line":29,"column":37}},"29":{"start":{"line":30,"column":0},"end":{"line":30,"column":39}},"30":{"start":{"line":31,"column":0},"end":{"line":31,"column":38}},"31":{"start":{"line":32,"column":0},"end":{"line":32,"column":37}},"32":{"start":{"line":33,"column":0},"end":{"line":33,"column":41}},"33":{"start":{"line":34,"column":0},"end":{"line":34,"column":2}},"47":{"start":{"line":48,"column":0},"end":{"line":48,"column":61}},"52":{"start":{"line":53,"column":0},"end":{"line":53,"column":27}},"54":{"start":{"line":55,"column":0},"end":{"line":55,"column":51}},"55":{"start":{"line":56,"column":0},"end":{"line":56,"column":12}},"56":{"start":{"line":57,"column":0},"end":{"line":57,"column":33}},"57":{"start":{"line":58,"column":0},"end":{"line":58,"column":22}},"58":{"start":{"line":59,"column":0},"end":{"line":59,"column":23}},"59":{"start":{"line":60,"column":0},"end":{"line":60,"column":26}},"60":{"start":{"line":61,"column":0},"end":{"line":61,"column":32}},"61":{"start":{"line":62,"column":0},"end":{"line":62,"column":28}},"63":{"start":{"line":64,"column":0},"end":{"line":64,"column":4}},"66":{"start":{"line":67,"column":0},"end":{"line":67,"column":63}},"67":{"start":{"line":68,"column":0},"end":{"line":68,"column":12}},"68":{"start":{"line":69,"column":0},"end":{"line":69,"column":22}},"69":{"start":{"line":70,"column":0},"end":{"line":70,"column":21}},"70":{"start":{"line":71,"column":0},"end":{"line":71,"column":45}},"71":{"start":{"line":72,"column":0},"end":{"line":72,"column":6}},"72":{"start":{"line":73,"column":0},"end":{"line":73,"column":4}},"75":{"start":{"line":76,"column":0},"end":{"line":76,"column":51}},"76":{"start":{"line":77,"column":0},"end":{"line":77,"column":34}},"77":{"start":{"line":78,"column":0},"end":{"line":78,"column":4}},"79":{"start":{"line":80,"column":0},"end":{"line":80,"column":51}},"80":{"start":{"line":81,"column":0},"end":{"line":81,"column":34}},"81":{"start":{"line":82,"column":0},"end":{"line":82,"column":4}},"83":{"start":{"line":84,"column":0},"end":{"line":84,"column":53}},"84":{"start":{"line":85,"column":0},"end":{"line":85,"column":36}},"85":{"start":{"line":86,"column":0},"end":{"line":86,"column":4}},"87":{"start":{"line":88,"column":0},"end":{"line":88,"column":54}},"88":{"start":{"line":89,"column":0},"end":{"line":89,"column":37}},"89":{"start":{"line":90,"column":0},"end":{"line":90,"column":4}},"91":{"start":{"line":92,"column":0},"end":{"line":92,"column":53}},"92":{"start":{"line":93,"column":0},"end":{"line":93,"column":36}},"93":{"start":{"line":94,"column":0},"end":{"line":94,"column":4}},"96":{"start":{"line":97,"column":0},"end":{"line":97,"column":44}},"97":{"start":{"line":98,"column":0},"end":{"line":98,"column":37}},"98":{"start":{"line":99,"column":0},"end":{"line":99,"column":39}},"99":{"start":{"line":100,"column":0},"end":{"line":100,"column":4}},"103":{"start":{"line":104,"column":0},"end":{"line":104,"column":45}},"104":{"start":{"line":105,"column":0},"end":{"line":105,"column":37}},"106":{"start":{"line":107,"column":0},"end":{"line":107,"column":40}},"107":{"start":{"line":108,"column":0},"end":{"line":108,"column":33}},"108":{"start":{"line":109,"column":0},"end":{"line":109,"column":5}},"110":{"start":{"line":111,"column":0},"end":{"line":111,"column":52}},"111":{"start":{"line":112,"column":0},"end":{"line":112,"column":4}},"114":{"start":{"line":115,"column":0},"end":{"line":115,"column":70}},"115":{"start":{"line":116,"column":0},"end":{"line":116,"column":59}},"117":{"start":{"line":118,"column":0},"end":{"line":118,"column":89}},"119":{"start":{"line":120,"column":0},"end":{"line":120,"column":27}},"121":{"start":{"line":122,"column":0},"end":{"line":122,"column":33}},"122":{"start":{"line":123,"column":0},"end":{"line":123,"column":38}},"124":{"start":{"line":125,"column":0},"end":{"line":125,"column":76}},"125":{"start":{"line":126,"column":0},"end":{"line":126,"column":4}},"128":{"start":{"line":129,"column":0},"end":{"line":129,"column":67}},"130":{"start":{"line":131,"column":0},"end":{"line":131,"column":63}},"131":{"start":{"line":132,"column":0},"end":{"line":132,"column":17}},"132":{"start":{"line":133,"column":0},"end":{"line":133,"column":78}},"133":{"start":{"line":134,"column":0},"end":{"line":134,"column":5}},"136":{"start":{"line":137,"column":0},"end":{"line":137,"column":75}},"137":{"start":{"line":138,"column":0},"end":{"line":138,"column":32}},"138":{"start":{"line":139,"column":0},"end":{"line":139,"column":54}},"139":{"start":{"line":140,"column":0},"end":{"line":140,"column":5}},"140":{"start":{"line":141,"column":0},"end":{"line":141,"column":4}},"143":{"start":{"line":144,"column":0},"end":{"line":144,"column":53}},"144":{"start":{"line":145,"column":0},"end":{"line":145,"column":52}},"147":{"start":{"line":148,"column":0},"end":{"line":148,"column":44}},"148":{"start":{"line":149,"column":0},"end":{"line":149,"column":45}},"151":{"start":{"line":152,"column":0},"end":{"line":152,"column":74}},"152":{"start":{"line":153,"column":0},"end":{"line":153,"column":25}},"153":{"start":{"line":154,"column":0},"end":{"line":154,"column":27}},"156":{"start":{"line":157,"column":0},"end":{"line":157,"column":41}},"157":{"start":{"line":158,"column":0},"end":{"line":158,"column":38}},"159":{"start":{"line":160,"column":0},"end":{"line":160,"column":18}},"160":{"start":{"line":161,"column":0},"end":{"line":161,"column":4}},"163":{"start":{"line":164,"column":0},"end":{"line":164,"column":50}},"164":{"start":{"line":165,"column":0},"end":{"line":165,"column":35}},"166":{"start":{"line":167,"column":0},"end":{"line":167,"column":10}},"167":{"start":{"line":168,"column":0},"end":{"line":168,"column":24}},"168":{"start":{"line":169,"column":0},"end":{"line":169,"column":35}},"169":{"start":{"line":170,"column":0},"end":{"line":170,"column":25}},"170":{"start":{"line":171,"column":0},"end":{"line":171,"column":28}},"171":{"start":{"line":172,"column":0},"end":{"line":172,"column":31}},"172":{"start":{"line":173,"column":0},"end":{"line":173,"column":34}},"173":{"start":{"line":174,"column":0},"end":{"line":174,"column":33}},"174":{"start":{"line":175,"column":0},"end":{"line":175,"column":46}},"175":{"start":{"line":176,"column":0},"end":{"line":176,"column":32}},"176":{"start":{"line":177,"column":0},"end":{"line":177,"column":9}},"177":{"start":{"line":178,"column":0},"end":{"line":178,"column":70}},"178":{"start":{"line":179,"column":0},"end":{"line":179,"column":7}},"179":{"start":{"line":180,"column":0},"end":{"line":180,"column":18}},"180":{"start":{"line":181,"column":0},"end":{"line":181,"column":5}},"181":{"start":{"line":182,"column":0},"end":{"line":182,"column":16}},"182":{"start":{"line":183,"column":0},"end":{"line":183,"column":4}},"185":{"start":{"line":186,"column":0},"end":{"line":186,"column":53}},"186":{"start":{"line":187,"column":0},"end":{"line":187,"column":47}},"187":{"start":{"line":188,"column":0},"end":{"line":188,"column":33}},"189":{"start":{"line":190,"column":0},"end":{"line":190,"column":40}},"190":{"start":{"line":191,"column":0},"end":{"line":191,"column":3}},"191":{"start":{"line":192,"column":0},"end":{"line":192,"column":2}}},"s":{"0":1,"6":1,"7":1,"8":1,"9":1,"10":1,"11":1,"12":1,"17":1,"18":1,"19":1,"20":1,"21":1,"22":1,"27":1,"28":1,"29":1,"30":1,"31":1,"32":1,"33":1,"47":1,"52":1,"54":1,"55":17,"56":17,"57":16,"58":15,"59":14,"60":11,"61":10,"63":17,"66":1,"67":22,"68":22,"69":22,"70":22,"71":22,"72":22,"75":1,"76":10,"77":10,"79":1,"80":10,"81":10,"83":1,"84":1,"85":1,"87":1,"88":1,"89":1,"91":1,"92":1,"93":1,"96":1,"97":8,"98":8,"99":8,"103":1,"104":8,"106":8,"107":6,"108":6,"110":2,"111":8,"114":1,"115":7,"117":7,"119":7,"121":1,"122":1,"124":5,"125":7,"128":1,"130":8,"131":8,"132":1,"133":1,"136":8,"137":8,"138":1,"139":1,"140":8,"143":1,"144":6,"147":6,"148":6,"151":6,"152":6,"153":6,"156":6,"157":6,"159":6,"160":6,"163":1,"164":7,"166":3,"167":3,"168":3,"169":3,"170":3,"171":2,"172":2,"173":2,"174":0,"175":0,"176":3,"177":0,"178":0,"179":3,"180":3,"181":4,"182":7,"185":1,"186":4,"187":4,"189":2,"190":4,"191":1},"branchMap":{"0":{"type":"branch","line":55,"loc":{"start":{"line":55,"column":2},"end":{"line":64,"column":4}},"locations":[{"start":{"line":55,"column":2},"end":{"line":64,"column":4}}]},"1":{"type":"branch","line":57,"loc":{"start":{"line":57,"column":22},"end":{"line":58,"column":22}},"locations":[{"start":{"line":57,"column":22},"end":{"line":58,"column":22}}]},"2":{"type":"branch","line":58,"loc":{"start":{"line":58,"column":15},"end":{"line":59,"column":23}},"locations":[{"start":{"line":58,"column":15},"end":{"line":59,"column":23}}]},"3":{"type":"branch","line":59,"loc":{"start":{"line":59,"column":16},"end":{"line":60,"column":26}},"locations":[{"start":{"line":59,"column":16},"end":{"line":60,"column":26}}]},"4":{"type":"branch","line":60,"loc":{"start":{"line":60,"column":19},"end":{"line":61,"column":32}},"locations":[{"start":{"line":60,"column":19},"end":{"line":61,"column":32}}]},"5":{"type":"branch","line":61,"loc":{"start":{"line":61,"column":20},"end":{"line":62,"column":28}},"locations":[{"start":{"line":61,"column":20},"end":{"line":62,"column":28}}]},"6":{"type":"branch","line":67,"loc":{"start":{"line":67,"column":2},"end":{"line":73,"column":4}},"locations":[{"start":{"line":67,"column":2},"end":{"line":73,"column":4}}]},"7":{"type":"branch","line":76,"loc":{"start":{"line":76,"column":2},"end":{"line":78,"column":4}},"locations":[{"start":{"line":76,"column":2},"end":{"line":78,"column":4}}]},"8":{"type":"branch","line":80,"loc":{"start":{"line":80,"column":2},"end":{"line":82,"column":4}},"locations":[{"start":{"line":80,"column":2},"end":{"line":82,"column":4}}]},"9":{"type":"branch","line":84,"loc":{"start":{"line":84,"column":2},"end":{"line":86,"column":4}},"locations":[{"start":{"line":84,"column":2},"end":{"line":86,"column":4}}]},"10":{"type":"branch","line":88,"loc":{"start":{"line":88,"column":2},"end":{"line":90,"column":4}},"locations":[{"start":{"line":88,"column":2},"end":{"line":90,"column":4}}]},"11":{"type":"branch","line":92,"loc":{"start":{"line":92,"column":2},"end":{"line":94,"column":4}},"locations":[{"start":{"line":92,"column":2},"end":{"line":94,"column":4}}]},"12":{"type":"branch","line":97,"loc":{"start":{"line":97,"column":2},"end":{"line":100,"column":4}},"locations":[{"start":{"line":97,"column":2},"end":{"line":100,"column":4}}]},"13":{"type":"branch","line":99,"loc":{"start":{"line":99,"column":11},"end":{"line":99,"column":33}},"locations":[{"start":{"line":99,"column":11},"end":{"line":99,"column":33}}]},"14":{"type":"branch","line":99,"loc":{"start":{"line":99,"column":28},"end":{"line":99,"column":39}},"locations":[{"start":{"line":99,"column":28},"end":{"line":99,"column":39}}]},"15":{"type":"branch","line":104,"loc":{"start":{"line":104,"column":2},"end":{"line":112,"column":4}},"locations":[{"start":{"line":104,"column":2},"end":{"line":112,"column":4}}]},"16":{"type":"branch","line":107,"loc":{"start":{"line":107,"column":39},"end":{"line":109,"column":5}},"locations":[{"start":{"line":107,"column":39},"end":{"line":109,"column":5}}]},"17":{"type":"branch","line":109,"loc":{"start":{"line":109,"column":4},"end":{"line":111,"column":52}},"locations":[{"start":{"line":109,"column":4},"end":{"line":111,"column":52}}]},"18":{"type":"branch","line":115,"loc":{"start":{"line":115,"column":2},"end":{"line":126,"column":4}},"locations":[{"start":{"line":115,"column":2},"end":{"line":126,"column":4}}]},"19":{"type":"branch","line":116,"loc":{"start":{"line":116,"column":52},"end":{"line":116,"column":59}},"locations":[{"start":{"line":116,"column":52},"end":{"line":116,"column":59}}]},"20":{"type":"branch","line":120,"loc":{"start":{"line":120,"column":20},"end":{"line":120,"column":27}},"locations":[{"start":{"line":120,"column":20},"end":{"line":120,"column":27}}]},"21":{"type":"branch","line":120,"loc":{"start":{"line":120,"column":20},"end":{"line":125,"column":76}},"locations":[{"start":{"line":120,"column":20},"end":{"line":125,"column":76}}]},"22":{"type":"branch","line":120,"loc":{"start":{"line":120,"column":20},"end":{"line":123,"column":38}},"locations":[{"start":{"line":120,"column":20},"end":{"line":123,"column":38}}]},"23":{"type":"branch","line":123,"loc":{"start":{"line":123,"column":31},"end":{"line":123,"column":38}},"locations":[{"start":{"line":123,"column":31},"end":{"line":123,"column":38}}]},"24":{"type":"branch","line":123,"loc":{"start":{"line":123,"column":31},"end":{"line":125,"column":60}},"locations":[{"start":{"line":123,"column":31},"end":{"line":125,"column":60}}]},"25":{"type":"branch","line":125,"loc":{"start":{"line":125,"column":55},"end":{"line":125,"column":76}},"locations":[{"start":{"line":125,"column":55},"end":{"line":125,"column":76}}]},"26":{"type":"branch","line":129,"loc":{"start":{"line":129,"column":2},"end":{"line":141,"column":4}},"locations":[{"start":{"line":129,"column":2},"end":{"line":141,"column":4}}]},"27":{"type":"branch","line":132,"loc":{"start":{"line":132,"column":16},"end":{"line":134,"column":5}},"locations":[{"start":{"line":132,"column":16},"end":{"line":134,"column":5}}]},"28":{"type":"branch","line":138,"loc":{"start":{"line":138,"column":31},"end":{"line":140,"column":5}},"locations":[{"start":{"line":138,"column":31},"end":{"line":140,"column":5}}]},"29":{"type":"branch","line":144,"loc":{"start":{"line":144,"column":2},"end":{"line":161,"column":4}},"locations":[{"start":{"line":144,"column":2},"end":{"line":161,"column":4}}]},"30":{"type":"branch","line":164,"loc":{"start":{"line":164,"column":2},"end":{"line":183,"column":4}},"locations":[{"start":{"line":164,"column":2},"end":{"line":183,"column":4}}]},"31":{"type":"branch","line":165,"loc":{"start":{"line":165,"column":34},"end":{"line":181,"column":5}},"locations":[{"start":{"line":165,"column":34},"end":{"line":181,"column":5}}]},"32":{"type":"branch","line":171,"loc":{"sta
[...]
"186":1,"187":1,"188":1,"189":1,"192":1,"193":1,"194":1,"197":1,"198":3,"199":3,"201":3,"202":3,"203":3,"206":1,"207":0,"208":0,"211":1,"212":0,"213":0,"214":0,"216":1,"217":0,"218":0,"219":0,"221":1,"222":0,"223":0,"224":0,"226":1,"227":0,"228":0,"229":0,"232":1,"233":0,"234":0,"236":0,"237":0,"238":0,"241":1,"242":0,"243":0,"244":0,"246":1,"247":0,"248":0,"249":0,"251":1,"252":0,"253":0,"254":0,"256":1,"257":0,"258":0,"259":0,"262":1,"263":0,"264":0,"265":0,"267":1,"268":0,"269":0,"270":0,"272":1,"273":0,"274":0,"275":0,"277":1,"278":0,"279":0,"280":0,"283":1,"284":0,"285":0,"288":1,"289":0,"290":0,"291":0,"292":0,"293":0,"296":0,"297":0,"298":0,"299":0,"300":0,"301":0,"303":0,"304":0,"307":1,"308":0,"309":0,"310":0,"311":0,"312":0,"315":0,"316":0,"317":0,"318":0,"319":0,"320":0,"321":0,"322":0,"324":0,"325":0,"328":1,"329":0,"330":0,"331":0,"332":0,"335":1,"336":0,"337":0,"338":0,"339":0,"342":1,"343":0,"344":0,"345":0,"346":0,"349":1,"350":0,"351":0,"352":0,"353":0,"356":1,"357":0,"358":0,"361":0,"362":0,"363":0,"364":0,"365":0,"366":0,"369":0,"370":0,"371":0,"372":1},"branchMap":{"0":{"type":"branch","line":26,"loc":{"start":{"line":26,"column":2},"end":{"line":28,"column":4}},"locations":[{"start":{"line":26,"column":2},"end":{"line":28,"column":4}}]},"1":{"type":"branch","line":31,"loc":{"start":{"line":31,"column":2},"end":{"line":33,"column":4}},"locations":[{"start":{"line":31,"column":2},"end":{"line":33,"column":4}}]},"2":{"type":"branch","line":36,"loc":{"start":{"line":36,"column":2},"end":{"line":57,"column":4}},"locations":[{"start":{"line":36,"column":2},"end":{"line":57,"column":4}}]},"3":{"type":"branch","line":39,"loc":{"start":{"line":39,"column":29},"end":{"line":41,"column":5}},"locations":[{"start":{"line":39,"column":29},"end":{"line":41,"column":5}}]},"4":{"type":"branch","line":41,"loc":{"start":{"line":41,"column":4},"end":{"line":56,"column":31}},"locations":[{"start":{"line":41,"column":4},"end":{"line":56,"column":31}}]},"5":{"type":"branch","line":44,"loc":{"start":{"line":44,"column":35},"end":{"line":54,"column":5}},"locations":[{"start":{"line":44,"column":35},"end":{"line":54,"column":5}}]},"6":{"type":"branch","line":46,"loc":{"start":{"line":46,"column":29},"end":{"line":46,"column":36}},"locations":[{"start":{"line":46,"column":29},"end":{"line":46,"column":36}}]},"7":{"type":"branch","line":46,"loc":{"start":{"line":46,"column":29},"end":{"line":51,"column":29}},"locations":[{"start":{"line":46,"column":29},"end":{"line":51,"column":29}}]},"8":{"type":"branch","line":51,"loc":{"start":{"line":51,"column":29},"end":{"line":53,"column":7}},"locations":[{"start":{"line":51,"column":29},"end":{"line":53,"column":7}}]},"9":{"type":"branch","line":60,"loc":{"start":{"line":60,"column":2},"end":{"line":62,"column":4}},"locations":[{"start":{"line":60,"column":2},"end":{"line":62,"column":4}}]},"10":{"type":"branch","line":65,"loc":{"start":{"line":65,"column":2},"end":{"line":67,"column":4}},"locations":[{"start":{"line":65,"column":2},"end":{"line":67,"column":4}}]},"11":{"type":"branch","line":70,"loc":{"start":{"line":70,"column":2},"end":{"line":73,"column":4}},"locations":[{"start":{"line":70,"column":2},"end":{"line":73,"column":4}}]},"12":{"type":"branch","line":76,"loc":{"start":{"line":76,"column":2},"end":{"line":78,"column":4}},"locations":[{"start":{"line":76,"column":2},"end":{"line":78,"column":4}}]},"13":{"type":"branch","line":81,"loc":{"start":{"line":81,"column":2},"end":{"line":83,"column":4}},"locations":[{"start":{"line":81,"column":2},"end":{"line":83,"column":4}}]},"14":{"type":"branch","line":86,"loc":{"start":{"line":86,"column":2},"end":{"line":90,"column":4}},"locations":[{"start":{"line":86,"column":2},"end":{"line":90,"column":4}}]},"15":{"type":"branch","line":88,"loc":{"start":{"line":88,"column":11},"end":{"line":88,"column":49}},"locations":[{"start":{"line":88,"column":11},"end":{"line":88,"column":49}}]},"16":{"type":"branch","line":93,"loc":{"start":{"line":93,"column":2},"end":{"line":95,"column":4}},"locations":[{"start":{"line":93,"column":2},"end":{"line":95,"column":4}}]},"17":{"type":"branch","line":98,"loc":{"start":{"line":98,"column":2},"end":{"line":101,"column":4}},"locations":[{"start":{"line":98,"column":2},"end":{"line":101,"column":4}}]},"18":{"type":"branch","line":100,"loc":{"start":{"line":100,"column":50},"end":{"line":100,"column":59}},"locations":[{"start":{"line":100,"column":50},"end":{"line":100,"column":59}}]},"19":{"type":"branch","line":104,"loc":{"start":{"line":104,"column":2},"end":{"line":107,"column":4}},"locations":[{"start":{"line":104,"column":2},"end":{"line":107,"column":4}}]},"20":{"type":"branch","line":106,"loc":{"start":{"line":106,"column":11},"end":{"line":106,"column":56}},"locations":[{"start":{"line":106,"column":11},"end":{"line":106,"column":56}}]},"21":{"type":"branch","line":106,"loc":{"start":{"line":106,"column":52},"end":{"line":106,"column":61}},"locations":[{"start":{"line":106,"column":52},"end":{"line":106,"column":61}}]},"22":{"type":"branch","line":115,"loc":{"start":{"line":115,"column":2},"end":{"line":117,"column":4}},"locations":[{"start":{"line":115,"column":2},"end":{"line":117,"column":4}}]},"23":{"type":"branch","line":120,"loc":{"start":{"line":120,"column":2},"end":{"line":123,"column":4}},"locations":[{"start":{"line":120,"column":2},"end":{"line":123,"column":4}}]},"24":{"type":"branch","line":121,"loc":{"start":{"line":121,"column":45},"end":{"line":121,"column":73}},"locations":[{"start":{"line":121,"column":45},"end":{"line":121,"column":73}}]},"25":{"type":"branch","line":122,"loc":{"start":{"line":122,"column":46},"end":{"line":122,"column":55}},"locations":[{"start":{"line":122,"column":46},"end":{"line":122,"column":55}}]},"26":{"type":"branch","line":126,"loc":{"start":{"line":126,"column":2},"end":{"line":129,"column":4}},"locations":[{"start":{"line":126,"column":2},"end":{"line":129,"column":4}}]},"27":{"type":"branch","line":128,"loc":{"start":{"line":128,"column":42},"end":{"line":128,"column":51}},"locations":[{"start":{"line":128,"column":42},"end":{"line":128,"column":51}}]},"28":{"type":"branch","line":132,"loc":{"start":{"line":132,"column":2},"end":{"line":161,"column":4}},"locations":[{"start":{"line":132,"column":2},"end":{"line":161,"column":4}}]},"29":{"type":"branch","line":139,"loc":{"start":{"line":139,"column":30},"end":{"line":158,"column":5}},"locations":[{"start":{"line":139,"column":30},"end":{"line":158,"column":5}}]},"30":{"type":"branch","line":142,"loc":{"start":{"line":142,"column":42},"end":{"line":145,"column":7}},"locations":[{"start":{"line":142,"column":42},"end":{"line":145,"column":7}}]},"31":{"type":"branch","line":145,"loc":{"start":{"line":145,"column":6},"end":{"line":148,"column":66}},"locations":[{"start":{"line":145,"column":6},"end":{"line":148,"column":66}}]},"32":{"type":"branch","line":148,"loc":{"start":{"line":148,"column":66},"end":{"line":157,"column":7}},"locations":[{"start":{"line":148,"column":66},"end":{"line":157,"column":7}}]},"33":{"type":"branch","line":164,"loc":{"start":{"line":164,"column":2},"end":{"line":167,"column":4}},"locations":[{"start":{"line":164,"column":2},"end":{"line":167,"column":4}}]},"34":{"type":"branch","line":166,"loc":{"start":{"line":166,"column":11},"end":{"line":166,"column":49}},"locations":[{"start":{"line":166,"column":11},"end":{"line":166,"column":49}}]},"35":{"type":"branch","line":166,"loc":{"start":{"line":166,"column":45},"end":{"line":166,"column":54}},"locations":[{"start":{"line":166,"column":45},"end":{"line":166,"column":54}}]},"36":{"type":"branch","line":170,"loc":{"start":{"line":170,"column":2},"end":{"line":173,"column":4}},"locations":[{"start":{"line":170,"column":2},"end":{"line":173,"column":4}}]},"37":{"type":"branch","line":171,"loc":{"start":{"line":171,"column":41},"end":{"line":171,"column":66}},"locations":[{"start":{"line":171,"column":41},"end":{"line":171,"column":66}}]},"38":{"type":"branch","line":172,"loc":{"start":{"line":172,"column":11},"end":{"line":172,"column":47}},"locations":[{"start":{"line":172,"column":11},"end":{"line":172,"column":47}}]},"39":{"type":"branch","line":172,"loc":{"start":{"line":172,"column":43},"end":{"line":172,"column":52}},"locations":[{"start":{"line":172,"column":43},"end":{"line":172,"column":52}}]},"40":{"type":"branch","line":176,"loc":{"start":{"line":176,"column":2},"end":{"line":178,"column":4}},"locations":[{"start":{"line":176,"column":2},"end":{"line":178,"column":4}}]},"41":{"type":"branch","line":181,"loc":{"start":{"line":181,"column":2},"end":{"line":184,"column":4}},"locations":[{"start":{"line":181,"column":2},"end":{"line":184,"column":4}}]},"42":{"type":"branch","line":183,"loc":{"start":{"line":183,"column":48},"end":{"line":183,"column":57}},"locations":[{"start":{"line":183,"column":48},"end":{"line":183,"column":57}}]},"43":{"type":"branch","line":187,"loc":{"start":{"line":187,"column":2},"end":{"line":190,"column":4}},"locations":[{"start":{"line":187,"column":2},"end":{"line":190,"column":4}}]},"44":{"type":"branch","line":189,"loc":{"start":{"line":189,"column":46},"end":{"line":189,"column":55}},"locations":[{"start":{"line":189,"column":46},"end":{"line":189,"column":55}}]},"45":{"type":"branch","line":193,"loc":{"start":{"line":193,"column":2},"end":{"line":195,"column":4}},"locations":[{"start":{"line":193,"column":2},"end":{"line":195,"column":4}}]},"46":{"type":"branch","line":198,"loc":{"start":{"line":198,"column":2},"end":{"line":204,"column":4}},"locations":[{"start":{"line":198,"column":2},"end":{"line":204,"column":4}}]},"47":{"type":"branch","line":200,"loc":{"start":{"line":200,"column":18},"end":{"line":200,"column":30}},"locations":[{"start":{"line":200,"column":18},"end":{"line":200,"column":30}}]},"48":{"type":"branch","line":203,"loc":{"start":{"line":203,"column":22},"end":{"line":203,"column":33}},"locations":[{"start":{"line":203,"column":22},"end":{"line":203,"column":33}}]}},"b":{"0":[2],"1":[91],"2":[18],"3":[1],"4":[17],"5":[24],"6":[4],"7":[20],"8":[20],"9":[206],"10":[1],"11":[1],"12":[1],"13":[1],"14":[2],"15":[2],"16":[34],"17":[3],"18":[0],"19":[3],"20":[2],"21":[1],"22":[25],"23":[2],"24":[1],"25":[0],"26":[1],"27":[0],"28":[6],"29":[16],"30":[6],"31":[10],"32":[5],"33":[5],"34":[3],"35":[2],"36":[6],"37":[3],"38":[4],"39":[2],"40":[6],"41":[1],"42":[0],"43":[1],"44":[0],"45":[1],"46":[3],"47":[0],"48":[0]},"fnMap":{"0":{"name":"empty","decl":{"start":{"line":26,"column":2},"end":{"line":28,"column":4}},"loc":{"start":{"line":26,"column":2},"end":{"line":28,"column":4}},"line":26},"1":{"name":"from","decl":{"start":{"line":31,"column":2},"end":{"line":33,"column":4}},"loc":{"start":{"line":31,"column":2},"end":{"line":33,"column":4}},"line":31},"2":{"name":"parse","decl":{"start":{"line":36,"column":2},"end":{"line":57,"column":4}},"loc":{"start":{"line":36,"column":2},"end":{"line":57,"column":4}},"line":36},"3":{"name":"get","decl":{"start":{"line":60,"column":2},"end":{"line":62,"column":4}},"loc":{"start":{"line":60,"column":2},"end":{"line":62,"column":4}},"line":60},"4":{"name":"set","decl":{"start":{"line":65,"column":2},"end":{"line":67,"column":4}},"loc":{"start":{"line":65,"column":2},"end":{"line":67,"column":4}},"line":65},"5":{"name":"remove","decl":{"start":{"line":70,"column":2},"end":{"line":73,"column":4}},"loc":{"start":{"line":70,"column":2},"end":{"line":73,"column":4}},"line":70},"6":{"name":"merge","decl":{"start":{"line":76,"column":2},"end":{"line":78,"column":4}},"loc":{"start":{"line":76,"column":2},"end":{"line":78,"column":4}},"line":76},"7":{"name":"isEmpty","decl":{"start":{"line":81,"column":2},"end":{"line":83,"column":4}},"loc":{"start":{"line":81,"column":2},"end":{"line":83,"column":4}},"line":81},"8":{"name":"toString","decl":{"start":{"line":86,"column":2},"end":{"line":90,"column":4}},"loc":{"start":{"line":86,"column":2},"end":{"line":90,"column":4}},"line":86},"9":{"name":"parseSize","decl":{"start":{"line":93,"column":2},"end":{"line":95,"column":4}},"loc":{"start":{"line":93,"column":2},"end":{"line":95,"column":4}},"line":93},"10":{"name":"getWidth","decl":{"start":{"line":98,"column":2},"end":{"line":101,"column":4}},"loc":{"start":{"line":98,"column":2},"end":{"line":101,"column":4}},"line":98},"11":{"name":"getHeight","decl":{"start":{"line":104,"column":2},"end":{"line":107,"column":4}},"loc":{"start":{"line":104,"column":2},"end":{"line":107,"column":4}},"line":104},"12":{"name":"parseCalc","decl":{"start":{"line":110,"column":2},"end":{"line":112,"column":4}},"loc":{"start":{"line":110,"column":2},"end":{"line":112,"column":4}},"line":110},"13":{"name":"parseColor","decl":{"start":{"line":115,"column":2},"end":{"line":117,"column":4}},"loc":{"start":{"line":115,"column":2},"end":{"line":117,"column":4}},"line":115},"14":{"name":"getBackgroundColor","decl":{"start":{"line":120,"column":2},"end":{"line":123,"column":4}},"loc":{"start":{"line":120,"column":2},"end":{"line":123,"column":4}},"line":120},"15":{"name":"getColor","decl":{"start":{"line":126,"column":2},"end":{"line":129,"column":4}},"loc":{"start":{"line":126,"column":2},"end":{"line":129,"column":4}},"line":126},"16":{"name":"parseBorder","decl":{"start":{"line":132,"column":2},"end":{"line":161,"column":4}},"loc":{"start":{"line":132,"column":2},"end":{"line":161,"column":4}},"line":132},"17":{"name":"getBorder","decl":{"start":{"line":164,"column":2},"end":{"line":167,"column":4}},"loc":{"start":{"line":164,"column":2},"end":{"line":167,"column":4}},"line":164},"18":{"name":"getBorderRadius","decl":{"start":{"line":170,"column":2},"end":{"line":173,"column":4}},"loc":{"start":{"line":170,"column":2},"end":{"line":173,"column":4}},"line":170},"19":{"name":"parsePadding","decl":{"start":{"line":176,"column":2},"end":{"line":178,"column":4}},"loc":{"start":{"line":176,"column":2},"end":{"line":178,"column":4}},"line":176},"20":{"name":"getPadding","decl":{"start":{"line":181,"column":2},"end":{"line":184,"column":4}},"loc":{"start":{"line":181,"column":2},"end":{"line":184,"column":4}},"line":181},"21":{"name":"getMargin","decl":{"start":{"line":187,"column":2},"end":{"line":190,"column":4}},"loc":{"start":{"line":187,"column":2},"end":{"line":190,"column":4}},"line":187},"22":{"name":"getDisplay","decl":{"start":{"line":193,"column":2},"end":{"line":195,"column":4}},"loc":{"start":{"line":193,"column":2},"end":{"line":195,"column":4}},"line":193},"23":{"name":"getOpacity","decl":{"start":{"line":198,"column":2},"end":{"line":204,"column":4}},"loc":{"start":{"line":198,"column":2},"end":{"line":204,"column":4}},"line":198},"24":{"name":"getPosition","decl":{"start":{"line":207,"column":2},"end":{"line":209,"column":4}},"loc":{"start":{"line":207,"column":2},"end":{"line":209,"column":4}},"line":207},"25":{"name":"getTop","decl":{"start":{"line":212,"column":2},"end":{"line":215,"column":4}},"loc":{"start":{"line":212,"column":2},"end":{"line":215,"column":4}},"line":212},"26":{"name":"getRight","decl":{"start":{"line":217,"column":2},"end":{"line":220,"column":4}},"loc":{"start":{"line":217,"column":2},"end":{"line":220,"column":4}},"line":217},"27":{"name":"getBottom","decl":{"start":{"line":222,"column":2},"end":{"line":225,"column":4}},"loc":{"start":{"line":222,"column":2},"end":{"line":225,"column":4}},"line":222},"28":{"name":"getLeft","decl":{"start":{"line":227,"column":2},"end":{"line":230,"column":4}},"loc":{"start":{"line":227,"column":2},"end":{"line":230,"column":4}},"line":227},"29":{"name":"getZIndex","decl":{"start":{"line":233,"column":2},"end":{"line":239,"column":4}},"loc":{"start":{"line":233,"column":2},"end":{"line":239,"column":4}},"line":233},"30":{"name":"getMarginTop","decl":{"start":{"line":242,"column":2},"end":{"line":245,"column":4}},"loc":{"start":{"line":242,"column":2},"end":{"line":245,"column":4}},"line":242},"31":{"name":"getMarginRight","decl":{"start":{"line":247,"column":2},"end":{"line":250,"column":4}},"loc":{"start":{"line":247,"column":2},"end":{"line":250,"column":4}},"line":247},"32":{"name":"getMarginBottom","decl":{"start":{"line":252,"column":2},"end":{"line":255,"column":4}},"loc":{"start":{"line":252,"column":2},"end":{"line":255,"column":4}},"line":252},"33":{"name":"getMarginLeft","decl":{"start":{"line":257,"column":2},"end":{"line":260,"column":4}},"loc":{"start":{"line":257,"column":2},"end":{"line":260,"column":4}},"line":257},"34":{"name":"getPaddingTop","decl":{"start":{"line":263,"column":2},"end":{"line":266,"column":4}},"loc":{"start":{"line":263,"column":2},"end":{"line":266,"column":4}},"line":263},"35":{"name":"getPaddingRight","decl":{"start":{"line":268,"column":2},"end":{"line":271,"column":4}},"loc":{"start":{"line":268,"column":2},"end":{"line":271,"column":4}},"line":268},"36":{"name":"getPaddingBottom","decl":{"start":{"line":273,"column":2},"end":{"line":276,"column":4}},"loc":{"start":{"line":273,"column":2},"end":{"line":276,"column":4}},"line":273},"37":{"name":"getPaddingLeft","decl":{"start":{"line":278,"column":2},"end":{"line":281,"column":4}},"loc":{"start":{"line":278,"column":2},"end":{"line":281,"column":4}},"line":278},"38":{"name":"getFlexWrap","decl":{"start":{"line":284,"column":2},"end":{"line":286,"column":4}},"loc":{"start":{"line":284,"column":2},"end":{"line":286,"column":4}},"line":284},"39":{"name":"getFlexGrow","decl":{"start":{"line":289,"column":2},"end":{"line":305,"column":4}},"loc":{"start":{"line":289,"column":2},"end":{"line":305,"column":4}},"line":289},"40":{"name":"getFlexShrink","decl":{"start":{"line":308,"column":2},"end":{"line":326,"column":4}},"loc":{"start":{"line":308,"column":2},"end":{"line":326,"column":4}},"line":308},"41":{"name":"getMinWidth","decl":{"start":{"line":329,"column":2},"end":{"line":333,"column":4}},"loc":{"start":{"line":329,"column":2},"end":{"line":333,"column":4}},"line":329},"42":{"name":"getMaxWidth","decl":{"start":{"line":336,"column":2},"end":{"line":340,"column":4}},"loc":{"start":{"line":336,"column":2},"end":{"line":340,"column":4}},"line":336},"43":{"name":"getMinHeight","decl":{"start":{"line":343,"column":2},"end":{"line":347,"column":4}},"loc":{"start":{"line":343,"column":2},"end":{"line":347,"column":4}},"line":343},"44":{"name":"getMaxHeight","decl":{"start":{"line":350,"column":2},"end":{"line":354,"column":4}},"loc":{"start":{"line":350,"column":2},"end":{"line":354,"column":4}},"line":350},"45":{"name":"getAspectRatio","decl":{"start":{"line":357,"column":2},"end":{"line":372,"column":3}},"loc":{"start":{"line":357,"column":2},"end":{"line":372,"column":3}},"line":357}},"f":{"0":2,"1":91,"2":18,"3":206,"4":1,"5":1,"6":1,"7":1,"8":2,"9":34,"10":3,"11":3,"12":0,"13":25,"14":2,"15":1,"16":6,"17":5,"18":6,"19":6,"20":1,"21":1,"22":1,"23":3,"24":0,"25":0,"26":0,"27":0,"28":0,"29":0,"30":0,"31":0,"32":0,"33":0,"34":0,"35":0,"36":0,"37":0,"38":0,"39":0,"40":0,"41":0,"42":0,"43":0,"44":0,"45":0}}
,"/workspace/src/types/brand.ts": {"path":"/workspace/src/types/brand.ts","all":true,"statementMap":{},"s":{},"branchMap":{"0":{"type":"branch","line":1,"loc":{"start":{"line":1,"column":266},"end":{"line":11,"column":60}},"locations":[{"start":{"line":1,"column":266},"end":{"line":11,"column":60}}]}},"b":{"0":[1]},"fnMap":{"0":{"name":"(empty-report)","decl":{"start":{"line":1,"column":266},"end":{"line":11,"column":60}},"loc":{"start":{"line":1,"column":266},"end":{"line":11,"column":60}},"line":1}},"f":{"0":1}}
,"/workspace/src/types/index.ts": {"path":"/workspace/src/types/index.ts","all":true,"statementMap":{},"s":{},"branchMap":{"0":{"type":"branch","line":1,"loc":{"start":{"line":1,"column":37},"end":{"line":1,"column":37}},"locations":[{"start":{"line":1,"column":37},"end":{"line":1,"column":37}}]}},"b":{"0":[1]},"fnMap":{"0":{"name":"(empty-report)","decl":{"start":{"line":1,"column":37},"end":{"line":1,"column":37}},"loc":{"start":{"line":1,"column":37},"end":{"line":1,"column":37}},"line":1}},"f":{"0":1}}
}
